#
# A fatal error has been detected by the Java Runtime Environment:
#
#  EXCEPTION_ACCESS_VIOLATION (0xc0000005) at pc=0x00007ffcc3b65b64, pid=456, tid=5756
#
# JRE version: OpenJDK Runtime Environment AdoptOpenJDK (11.0.9.1+1) (build 11.0.9.1+1)
# Java VM: OpenJDK 64-Bit Client VM AdoptOpenJDK (11.0.9.1+1, mixed mode, g1 gc, windows-amd64)
# Problematic frame:
# V  [jvm.dll+0x185b64]
#
# No core dump will be written. Minidumps are not enabled by default on client versions of Windows
#
# If you would like to submit a bug report, please visit:
#   https://github.com/AdoptOpenJDK/openjdk-support/issues
#

---------------  S U M M A R Y ------------

Command Line: -Dosgi.requiredJavaVersion=1.8 -Dosgi.instance.area.default=@user.home/STM32CubeIDE/workspace_1.6.1 -Declipse.buildId=Version 1.6.1 -DproductMaturityGrade=mm -XX:+UseG1GC -XX:+UseStringDeduplication -Xms256m -Xmx1024m -Djavax.net.ssl.trustStoreType=WINDOWS-ROOT 

Host: Intel(R) Core(TM) i5-4460  CPU @ 3.20GHz, 4 cores, 7G,  Windows 10 , 64 bit Build 19041 (10.0.19041.1023)
Time: Thu Jun 17 12:48:54 2021 SE Asia Standard Time elapsed time: 14125.642939 seconds (0d 3h 55m 25s)

---------------  T H R E A D  ---------------

Current thread (0x0000000050e10000):  GCTaskThread "GC Thread#2" [stack: 0x0000000052400000,0x0000000052500000] [id=5756]

Stack: [0x0000000052400000,0x0000000052500000],  sp=0x00000000524ffaa0,  free space=1022k
Native frames: (J=compiled Java code, j=interpreted, Vv=VM code, C=native code)
V  [jvm.dll+0x185b64]
V  [jvm.dll+0x184257]
V  [jvm.dll+0x189b34]
V  [jvm.dll+0x1894d8]
V  [jvm.dll+0x188e1d]
V  [jvm.dll+0x4b9e30]
V  [jvm.dll+0x45bd04]
V  [jvm.dll+0x366bd6]
C  [ucrtbase.dll+0x21bb2]
C  [KERNEL32.DLL+0x17034]
C  [ntdll.dll+0x52651]


siginfo: EXCEPTION_ACCESS_VIOLATION (0xc0000005), reading address 0xffffffffffffffff


Register to memory mapping:

RIP=0x00007ffcc3b65b64 jvm.dll
RAX=0x000000004b400000 points into unknown readable memory: 01 00 00 00 00 00 00 00
RBX=0x000000000cfb4c90 is pointing into object: java.util.HashMap 
{0x000000000cfb4c80} - klass: 'java/util/HashMap'
RCX=0x007ffffffffa9000 is an unknown value
RDX=0x1ffffffffea40020 is an unknown value
RSP=0x00000000524ffaa0 points into unknown readable memory: 38 0f 05 10 00 00 00 00
RBP=0x000000005b815510 points into unknown readable memory: 00 00 00 00 88 01 00 00
RSI=0x0000000000000001 is an unknown value
RDI=0x0000000000000100 is an unknown value
R8 =0x000000004ff54d78 is a pointer to class: 
java.util.HashMap {0x000000004ff54d80}
R9 =0x0 is NULL
R10=0x000000000de7adf8 is an oop: [Ljava.util.HashMap$Node; 
{0x000000000de7adf8} - klass: 'java/util/HashMap$Node'[]
 - length: 4096
R11=0x0000000000000010 is an unknown value
R12=0x000000004ff55178 is pointing into metadata
R13=0x000000005b815618 points into unknown readable memory: 18 81 ed c3 fc 7f 00 00
R14=0x0000000000000002 is an unknown value
R15=0x000000005b815510 points into unknown readable memory: 00 00 00 00 88 01 00 00


Registers:
RAX=0x000000004b400000, RBX=0x000000000cfb4c90, RCX=0x007ffffffffa9000, RDX=0x1ffffffffea40020
RSP=0x00000000524ffaa0, RBP=0x000000005b815510, RSI=0x0000000000000001, RDI=0x0000000000000100
R8 =0x000000004ff54d78, R9 =0x0000000000000000, R10=0x000000000de7adf8, R11=0x0000000000000010
R12=0x000000004ff55178, R13=0x000000005b815618, R14=0x0000000000000002, R15=0x000000005b815510
RIP=0x00007ffcc3b65b64, EFLAGS=0x0000000000010207

Top of Stack: (sp=0x00000000524ffaa0)
0x00000000524ffaa0:   0000000010050f38 0000000809002000
0x00000000524ffab0:   0000000010fc3518 8208200000000000
0x00000000524ffac0:   000000000d575948 00007ffcc3b63a98
0x00000000524ffad0:   000000004ff55168 00007ffcc3b64257
0x00000000524ffae0:   000000000cfb4c90 0000000000000000
0x00000000524ffaf0:   0000000000000100 0000000000000002
0x00000000524ffb00:   0000000000000000 000000005073ef48
0x00000000524ffb10:   0000000000000010 00007ffcc39e0000
0x00000000524ffb20:   000000005b815510 00007ffcc3b69b34
0x00000000524ffb30:   0000000000000000 000000000cfb4c80
0x00000000524ffb40:   000000000cfb4c80 00000000524ffba8
0x00000000524ffb50:   000000000de7adf8 0000000000000000
0x00000000524ffb60:   0000000000000000 00002bf800000000
0x00000000524ffb70:   00002bf900000000 0000000000000000
0x00000000524ffb80:   00000000524ffcc0 000000005b815678
0x00000000524ffb90:   00000000000003d8 000000005073e870 

Instructions: (pc=0x00007ffcc3b65b64)
0x00007ffcc3b65a64:   8b d3 48 8b 79 10 48 8b cf e8 8e 00 00 00 84 c0
0x00007ffcc3b65a74:   74 0c 48 8d 4f 10 48 8b d3 e8 2e 06 00 00 48 8b
0x00007ffcc3b65a84:   7c 24 30 48 83 c4 20 5b c3 cc cc cc e9 fb 48 00
0x00007ffcc3b65a94:   00 cc cc cc cc cc cc cc cc cc cc cc e9 eb 4b 00
0x00007ffcc3b65aa4:   00 cc cc cc cc cc cc cc cc cc cc cc 80 3d 09 86
0x00007ffcc3b65ab4:   4a 00 00 48 8b d1 74 19 8b 0d 3e 4e 46 00 48 8b
0x00007ffcc3b65ac4:   05 27 4e 46 00 48 d3 ea 80 3c 02 00 74 03 b0 01
0x00007ffcc3b65ad4:   c3 32 c0 c3 cc cc cc cc cc cc cc cc 48 8b 01 48
0x00007ffcc3b65ae4:   8b 80 38 06 00 00 48 8b 80 90 00 00 00 c3 cc cc
0x00007ffcc3b65af4:   cc cc cc cc cc cc cc cc cc cc cc cc 48 89 5c 24
0x00007ffcc3b65b04:   08 48 89 74 24 10 48 89 7c 24 18 4c 89 74 24 20
0x00007ffcc3b65b14:   41 57 48 83 ec 30 80 3d 9f 85 4a 00 00 48 8b fa
0x00007ffcc3b65b24:   4c 8b f9 74 1a 8b 0d d1 4d 46 00 4c 8b c2 48 8b
0x00007ffcc3b65b34:   05 b7 4d 46 00 49 d3 e8 41 80 3c 00 00 75 6f 49
0x00007ffcc3b65b44:   8b 47 08 be 01 00 00 00 48 2b 10 8b 48 10 48 8b
0x00007ffcc3b65b54:   40 18 48 c1 ea 03 48 d3 ea 48 8b ca 48 c1 e9 06
0x00007ffcc3b65b64:   48 8b 1c c8 4c 8d 34 c8 0f b6 c2 24 3f 0f b6 c8
0x00007ffcc3b65b74:   48 d3 e6 48 8b cb 48 0b ce 48 3b cb 74 30 0f 1f
0x00007ffcc3b65b84:   40 00 66 66 0f 1f 84 00 00 00 00 00 48 8b 05 91
0x00007ffcc3b65b94:   af 47 00 4c 8b c3 49 8b d6 ff d0 48 3b c3 74 2b
0x00007ffcc3b65ba4:   48 8b c8 48 8b d8 48 0b ce 48 3b c8 75 de 32 c0
0x00007ffcc3b65bb4:   48 8b 5c 24 40 48 8b 74 24 48 48 8b 7c 24 50 4c
0x00007ffcc3b65bc4:   8b 74 24 58 48 83 c4 30 41 5f c3 4c 8b 07 49 8b
0x00007ffcc3b65bd4:   d0 83 e2 07 80 3d e6 56 46 00 00 75 1a 48 83 fa
0x00007ffcc3b65be4:   01 75 62 48 b8 00 ff ff ff 7f 00 00 00 4c 85 c0
0x00007ffcc3b65bf4:   75 53 e9 ab 00 00 00 48 83 fa 05 0f 84 a1 00 00
0x00007ffcc3b65c04:   00 80 3d 45 93 4a 00 00 74 15 8b 47 08 8b 0d 01
0x00007ffcc3b65c14:   d6 47 00 48 d3 e0 48 03 05 ef d5 47 00 eb 04 48
0x00007ffcc3b65c24:   8b 47 08 0f b6 80 b8 00 00 00 24 07 3c 05 74 15
0x00007ffcc3b65c34:   48 83 fa 01 75 0f 48 b8 00 ff ff ff 7f 00 00 00
0x00007ffcc3b65c44:   4c 85 c0 74 5d 80 3d 70 84 4a 00 00 74 19 8b 0d
0x00007ffcc3b65c54:   d8 4c 46 00 48 8b d7 48 8b 05 be 4c 46 00 48 d3 


Stack slot to memory mapping:
stack at sp + 0 slots: 0x0000000010050f38 is an oop: java.util.HashMap$Node 
{0x0000000010050f38} - klass: 'java/util/HashMap$Node'
stack at sp + 1 slots: 0x0000000809002000 is an unknown value
stack at sp + 2 slots: 0x0000000010fc3518 is an oop: org.eclipse.cdt.utils.envvar.PrefsStorableEnvironment 
{0x0000000010fc3518} - klass: 'org/eclipse/cdt/utils/envvar/PrefsStorableEnvironment'
stack at sp + 3 slots: 0x8208200000000000 is an unknown value
stack at sp + 4 slots: 0x000000000d575948 is pointing into object: java.lang.ref.SoftReference 
{0x000000000d575920} - klass: 'java/lang/ref/SoftReference'
stack at sp + 5 slots: 0x00007ffcc3b63a98 jvm.dll
stack at sp + 6 slots: 0x000000004ff55168 is pointing into metadata
stack at sp + 7 slots: 0x00007ffcc3b64257 jvm.dll


---------------  P R O C E S S  ---------------

Threads class SMR info:
_java_thread_list=0x000000006ac18890, length=42, elements={
0x0000000002c7b000, 0x000000004faec000, 0x000000004faf1000, 0x000000004fb0b800,
0x000000004fb0d800, 0x000000004fb17800, 0x000000004fb1e000, 0x0000000050b37000,
0x0000000050b48800, 0x00000000526a0000, 0x000000005277c800, 0x0000000052783800,
0x0000000052791000, 0x0000000052b94800, 0x0000000052c5d800, 0x0000000052ddf000,
0x0000000052dda000, 0x0000000052ddf800, 0x0000000052ddd000, 0x0000000052dda800,
0x000000005bd6e000, 0x000000005bd74800, 0x000000005bd76000, 0x000000005bd77000,
0x000000005bd79800, 0x000000005bd77800, 0x000000005bd7a000, 0x000000005bd78800,
0x0000000052ddb800, 0x0000000062423000, 0x0000000062420000, 0x0000000062421800,
0x0000000062425000, 0x000000006241f000, 0x000000005bd6e800, 0x000000005bd75000,
0x00000000623b1000, 0x00000000623b2800, 0x00000000623b6000, 0x00000000623b7000,
0x00000000623b0800, 0x00000000623b7800
}

Java Threads: ( => current thread )
  0x0000000002c7b000 JavaThread "main" [_thread_in_native, id=6712, stack(0x0000000000a40000,0x0000000000b40000)]
  0x000000004faec000 JavaThread "Reference Handler" daemon [_thread_blocked, id=16616, stack(0x0000000050740000,0x0000000050840000)]
  0x000000004faf1000 JavaThread "Finalizer" daemon [_thread_blocked, id=23164, stack(0x0000000050840000,0x0000000050940000)]
  0x000000004fb0b800 JavaThread "Signal Dispatcher" daemon [_thread_blocked, id=7188, stack(0x0000000050e40000,0x0000000050f40000)]
  0x000000004fb0d800 JavaThread "Attach Listener" daemon [_thread_blocked, id=22296, stack(0x0000000050f40000,0x0000000051040000)]
  0x000000004fb17800 JavaThread "C1 CompilerThread0" daemon [_thread_blocked, id=21780, stack(0x0000000051040000,0x0000000051140000)]
  0x000000004fb1e000 JavaThread "Sweeper thread" daemon [_thread_blocked, id=22268, stack(0x0000000051140000,0x0000000051240000)]
  0x0000000050b37000 JavaThread "Service Thread" daemon [_thread_blocked, id=9308, stack(0x0000000051240000,0x0000000051340000)]
  0x0000000050b48800 JavaThread "Common-Cleaner" daemon [_thread_blocked, id=25532, stack(0x0000000051440000,0x0000000051540000)]
  0x00000000526a0000 JavaThread "Active Thread: Equinox Container: 782979c1-17e2-42c1-b5ac-80e746437945" [_thread_blocked, id=8676, stack(0x0000000053100000,0x0000000053200000)]
  0x000000005277c800 JavaThread "Framework Event Dispatcher: Equinox Container: 782979c1-17e2-42c1-b5ac-80e746437945" daemon [_thread_blocked, id=13860, stack(0x0000000053300000,0x0000000053400000)]
  0x0000000052783800 JavaThread "Start Level: Equinox Container: 782979c1-17e2-42c1-b5ac-80e746437945" daemon [_thread_blocked, id=11332, stack(0x0000000053400000,0x0000000053500000)]
  0x0000000052791000 JavaThread "SCR Component Actor" daemon [_thread_blocked, id=11200, stack(0x0000000053500000,0x0000000053600000)]
  0x0000000052b94800 JavaThread "Worker-JM" [_thread_blocked, id=19772, stack(0x0000000053f40000,0x0000000054040000)]
  0x0000000052c5d800 JavaThread "Gogo shell" [_thread_blocked, id=20680, stack(0x0000000054340000,0x0000000054440000)]
  0x0000000052ddf000 JavaThread "EMF Reference Cleaner" daemon [_thread_blocked, id=20244, stack(0x00000000585f0000,0x00000000586f0000)]
  0x0000000052dda000 JavaThread "Bundle File Closer" daemon [_thread_blocked, id=8948, stack(0x00000000588f0000,0x00000000589f0000)]
  0x0000000052ddf800 JavaThread "ForkJoinPool.commonPool-worker-3" daemon [_thread_blocked, id=19068, stack(0x0000000059870000,0x0000000059970000)]
  0x0000000052ddd000 JavaThread "org.eclipse.cdt.internal.ui.text.CReconciler" daemon [_thread_blocked, id=10788, stack(0x000000005ce00000,0x000000005cf00000)]
  0x0000000052dda800 JavaThread "EventAdmin Async Event Dispatcher Thread" daemon [_thread_blocked, id=9456, stack(0x000000005fcf0000,0x000000005fdf0000)]
  0x000000005bd6e000 JavaThread "Worker-7: Traces Input Job" [_thread_blocked, id=13680, stack(0x00000000603f0000,0x00000000604f0000)]
  0x000000005bd74800 JavaThread "Java2D Disposer" daemon [_thread_blocked, id=14684, stack(0x0000000060df0000,0x0000000060ef0000)]
  0x000000005bd76000 JavaThread "AWT-Windows" daemon [_thread_in_native, id=25152, stack(0x0000000060ff0000,0x00000000610f0000)]
  0x000000005bd77000 JavaThread "pool-2-thread-1" [_thread_blocked, id=21444, stack(0x00000000615f0000,0x00000000616f0000)]
  0x000000005bd79800 JavaThread "pool-3-thread-1" [_thread_blocked, id=6296, stack(0x00000000616f0000,0x00000000617f0000)]
  0x000000005bd77800 JavaThread "RMI TCP Accept-41337" daemon [_thread_in_native, id=19736, stack(0x00000000695e0000,0x00000000696e0000)]
  0x000000005bd7a000 JavaThread "RMI Reaper" [_thread_blocked, id=4956, stack(0x00000000696e0000,0x00000000697e0000)]
  0x000000005bd78800 JavaThread "RMI GC Daemon" daemon [_thread_blocked, id=22068, stack(0x00000000697e0000,0x00000000698e0000)]
  0x0000000052ddb800 JavaThread "Serial Ports Filter" daemon [_thread_blocked, id=20716, stack(0x000000005fdf0000,0x000000005fef0000)]
  0x0000000062423000 JavaThread "Provisioning Event Dispatcher" daemon [_thread_blocked, id=24404, stack(0x000000006a1e0000,0x000000006a2e0000)]
  0x0000000062420000 JavaThread "org.eclipse.cdt.internal.ui.text.CReconciler" daemon [_thread_blocked, id=17256, stack(0x000000005a1b0000,0x000000005a2b0000)]
  0x0000000062421800 JavaThread "org.eclipse.cdt.internal.ui.text.CReconciler" daemon [_thread_blocked, id=7880, stack(0x000000005a7e0000,0x000000005a8e0000)]
  0x0000000062425000 JavaThread "Thread-38" [_thread_in_native, id=4332, stack(0x000000005ade0000,0x000000005aee0000)]
  0x000000006241f000 JavaThread "Thread-39" [_thread_in_native, id=15944, stack(0x0000000060ef0000,0x0000000060ff0000)]
  0x000000005bd6e800 JavaThread "Timer-7" [_thread_blocked, id=11712, stack(0x00000000610f0000,0x00000000611f0000)]
  0x000000005bd75000 JavaThread "org.eclipse.cdt.dsf.gdb - 1" [_thread_blocked, id=1924, stack(0x000000006b790000,0x000000006b890000)]
  0x00000000623b1000 JavaThread "org.eclipse.cdt.internal.ui.text.CReconciler" daemon [_thread_blocked, id=10612, stack(0x000000006b890000,0x000000006b990000)]
  0x00000000623b2800 JavaThread "org.eclipse.cdt.internal.ui.text.CReconciler" daemon [_thread_blocked, id=3788, stack(0x00000000600f0000,0x00000000601f0000)]
  0x00000000623b6000 JavaThread "org.eclipse.cdt.internal.ui.text.CReconciler" daemon [_thread_blocked, id=8396, stack(0x00000000602f0000,0x00000000603f0000)]
  0x00000000623b7000 JavaThread "Worker-28" [_thread_blocked, id=14592, stack(0x00000000601f0000,0x00000000602f0000)]
  0x00000000623b0800 JavaThread "org.eclipse.cdt.internal.ui.text.CReconciler" daemon [_thread_blocked, id=23696, stack(0x00000000607e0000,0x00000000608e0000)]
  0x00000000623b7800 JavaThread "Worker-30" [_thread_blocked, id=15204, stack(0x00000000608e0000,0x00000000609e0000)]

Other Threads:
  0x000000004fae8000 VMThread "VM Thread" [stack: 0x0000000050640000,0x0000000050740000] [id=22792]
  0x0000000050b3e000 WatcherThread [stack: 0x0000000051340000,0x0000000051440000] [id=23172]
  0x0000000002c95800 GCTaskThread "GC Thread#0" [stack: 0x000000000a7c0000,0x000000000a8c0000] [id=10160]
  0x0000000050e0d000 GCTaskThread "GC Thread#1" [stack: 0x0000000052300000,0x0000000052400000] [id=13480]
=>0x0000000050e10000 GCTaskThread "GC Thread#2" [stack: 0x0000000052400000,0x0000000052500000] [id=5756]
  0x0000000050e1b000 GCTaskThread "GC Thread#3" [stack: 0x0000000052500000,0x0000000052600000] [id=14140]
  0x0000000002cb1800 ConcurrentGCThread "G1 Main Marker" [stack: 0x000000000ad00000,0x000000000ae00000] [id=10940]
  0x0000000002cb2800 ConcurrentGCThread "G1 Conc#0" [stack: 0x000000004d400000,0x000000004d500000] [id=12028]
  0x0000000002d6e800 ConcurrentGCThread "G1 Refine#0" [stack: 0x000000004fb40000,0x000000004fc40000] [id=15388]
  0x0000000050d7a800 ConcurrentGCThread "G1 Refine#1" [stack: 0x0000000052e00000,0x0000000052f00000] [id=14160]
  0x000000005264b800 ConcurrentGCThread "G1 Refine#2" [stack: 0x0000000053200000,0x0000000053300000] [id=13368]
  0x0000000054dc7800 ConcurrentGCThread "G1 Refine#3" [stack: 0x0000000053c40000,0x0000000053d40000] [id=23548]
  0x000000004f97a000 ConcurrentGCThread "G1 Young RemSet Sampling" [stack: 0x000000004fc40000,0x000000004fd40000] [id=23792]
  0x000000004f97e000 ConcurrentGCThread "StrDedup" [stack: 0x000000004fd40000,0x000000004fe40000] [id=23752]

Threads with active compile tasks:

VM state:at safepoint (normal execution)

VM Mutex/Monitor currently owned by a thread:  ([mutex/lock_event])
[0x0000000002c76d70] Threads_lock - owner thread: 0x000000004fae8000
[0x0000000002c78750] Heap_lock - owner thread: 0x000000005bd78800

Heap:
 garbage-first heap   total 368640K, used 113144K [0x000000000ae00000, 0x000000004ae00000)
  region size 1024K, 5 young (5120K), 0 survivors (0K)
 Metaspace       used 110545K, capacity 117426K, committed 117612K, reserved 118784K
Heap Regions: E=young(eden), S=young(survivor), O=old, HS=humongous(starts), HC=humongous(continues), CS=collection set, F=free, A=archive, TAMS=top-at-mark-start (previous, next)
|   0|0x000000000ae00000, 0x000000000aefffd8, 0x000000000af00000| 99%| O|  |TAMS 0x000000000ae00000, 0x000000000ae00000| Untracked 
|   1|0x000000000af00000, 0x000000000affffe8, 0x000000000b000000| 99%| O|  |TAMS 0x000000000af00000, 0x000000000af00000| Untracked 
|   2|0x000000000b000000, 0x000000000b0ffff8, 0x000000000b100000| 99%| O|  |TAMS 0x000000000b000000, 0x000000000b000000| Untracked 
|   3|0x000000000b100000, 0x000000000b200000, 0x000000000b200000|100%| O|  |TAMS 0x000000000b100000, 0x000000000b100000| Untracked 
|   4|0x000000000b200000, 0x000000000b2fff90, 0x000000000b300000| 99%| O|  |TAMS 0x000000000b200000, 0x000000000b200000| Untracked 
|   5|0x000000000b300000, 0x000000000b3ffff8, 0x000000000b400000| 99%| O|  |TAMS 0x000000000b300000, 0x000000000b300000| Untracked 
|   6|0x000000000b400000, 0x000000000b4fffb8, 0x000000000b500000| 99%| O|  |TAMS 0x000000000b400000, 0x000000000b400000| Untracked 
|   7|0x000000000b500000, 0x000000000b5ffe78, 0x000000000b600000| 99%| O|  |TAMS 0x000000000b500000, 0x000000000b500000| Untracked 
|   8|0x000000000b600000, 0x000000000b700000, 0x000000000b700000|100%| O|  |TAMS 0x000000000b600000, 0x000000000b600000| Untracked 
|   9|0x000000000b700000, 0x000000000b800000, 0x000000000b800000|100%| O|  |TAMS 0x000000000b700000, 0x000000000b700000| Untracked 
|  10|0x000000000b800000, 0x000000000b8fffc8, 0x000000000b900000| 99%| O|  |TAMS 0x000000000b800000, 0x000000000b800000| Untracked 
|  11|0x000000000b900000, 0x000000000b9ffff0, 0x000000000ba00000| 99%| O|  |TAMS 0x000000000b900000, 0x000000000b900000| Untracked 
|  12|0x000000000ba00000, 0x000000000baffe80, 0x000000000bb00000| 99%| O|  |TAMS 0x000000000ba00000, 0x000000000ba00000| Untracked 
|  13|0x000000000bb00000, 0x000000000bbfffd0, 0x000000000bc00000| 99%| O|  |TAMS 0x000000000bb00000, 0x000000000bb00000| Untracked 
|  14|0x000000000bc00000, 0x000000000bcfffe0, 0x000000000bd00000| 99%| O|  |TAMS 0x000000000bc00000, 0x000000000bc00000| Untracked 
|  15|0x000000000bd00000, 0x000000000bdfffe8, 0x000000000be00000| 99%| O|  |TAMS 0x000000000bd00000, 0x000000000bd00000| Untracked 
|  16|0x000000000be00000, 0x000000000befffb8, 0x000000000bf00000| 99%| O|  |TAMS 0x000000000be00000, 0x000000000be00000| Untracked 
|  17|0x000000000bf00000, 0x000000000bffff60, 0x000000000c000000| 99%| O|  |TAMS 0x000000000bf00000, 0x000000000bf00000| Untracked 
|  18|0x000000000c000000, 0x000000000c100000, 0x000000000c100000|100%| O|  |TAMS 0x000000000c000000, 0x000000000c000000| Untracked 
|  19|0x000000000c100000, 0x000000000c1fff78, 0x000000000c200000| 99%| O|  |TAMS 0x000000000c100000, 0x000000000c100000| Untracked 
|  20|0x000000000c200000, 0x000000000c2ffff0, 0x000000000c300000| 99%| O|  |TAMS 0x000000000c200000, 0x000000000c200000| Untracked 
|  21|0x000000000c300000, 0x000000000c3fffd8, 0x000000000c400000| 99%| O|  |TAMS 0x000000000c300000, 0x000000000c300000| Untracked 
|  22|0x000000000c400000, 0x000000000c4ffff0, 0x000000000c500000| 99%| O|  |TAMS 0x000000000c400000, 0x000000000c400000| Untracked 
|  23|0x000000000c500000, 0x000000000c5fffe0, 0x000000000c600000| 99%| O|  |TAMS 0x000000000c500000, 0x000000000c500000| Untracked 
|  24|0x000000000c600000, 0x000000000c6ffff8, 0x000000000c700000| 99%| O|  |TAMS 0x000000000c600000, 0x000000000c600000| Untracked 
|  25|0x000000000c700000, 0x000000000c800000, 0x000000000c800000|100%| O|  |TAMS 0x000000000c700000, 0x000000000c700000| Untracked 
|  26|0x000000000c800000, 0x000000000c900000, 0x000000000c900000|100%| O|  |TAMS 0x000000000c800000, 0x000000000c800000| Untracked 
|  27|0x000000000c900000, 0x000000000c9fffe8, 0x000000000ca00000| 99%| O|  |TAMS 0x000000000c900000, 0x000000000c900000| Untracked 
|  28|0x000000000ca00000, 0x000000000cafffe8, 0x000000000cb00000| 99%| O|  |TAMS 0x000000000ca00000, 0x000000000ca00000| Untracked 
|  29|0x000000000cb00000, 0x000000000cbfffe8, 0x000000000cc00000| 99%| O|  |TAMS 0x000000000cb00000, 0x000000000cb00000| Untracked 
|  30|0x000000000cc00000, 0x000000000ccffff8, 0x000000000cd00000| 99%| O|  |TAMS 0x000000000cc00000, 0x000000000cc00000| Untracked 
|  31|0x000000000cd00000, 0x000000000cdee848, 0x000000000ce00000| 93%| O|  |TAMS 0x000000000cd00000, 0x000000000cd00000| Untracked 
|  32|0x000000000ce00000, 0x000000000cefffd0, 0x000000000cf00000| 99%| O|  |TAMS 0x000000000ce00000, 0x000000000ce00000| Untracked 
|  33|0x000000000cf00000, 0x000000000cfffff8, 0x000000000d000000| 99%| O|  |TAMS 0x000000000cf00000, 0x000000000cf00000| Untracked 
|  34|0x000000000d000000, 0x000000000d0fffc8, 0x000000000d100000| 99%| O|  |TAMS 0x000000000d000000, 0x000000000d000000| Untracked 
|  35|0x000000000d100000, 0x000000000d1fffe8, 0x000000000d200000| 99%| O|  |TAMS 0x000000000d100000, 0x000000000d100000| Untracked 
|  36|0x000000000d200000, 0x000000000d2ffea8, 0x000000000d300000| 99%| O|  |TAMS 0x000000000d200000, 0x000000000d200000| Untracked 
|  37|0x000000000d300000, 0x000000000d3fffe8, 0x000000000d400000| 99%| O|  |TAMS 0x000000000d300000, 0x000000000d300000| Untracked 
|  38|0x000000000d400000, 0x000000000d4fd278, 0x000000000d500000| 98%| O|  |TAMS 0x000000000d400000, 0x000000000d400000| Untracked 
|  39|0x000000000d500000, 0x000000000d5ffff0, 0x000000000d600000| 99%| O|  |TAMS 0x000000000d500000, 0x000000000d500000| Untracked 
|  40|0x000000000d600000, 0x000000000d6ffd80, 0x000000000d700000| 99%| O|  |TAMS 0x000000000d600000, 0x000000000d600000| Untracked 
|  41|0x000000000d700000, 0x000000000d7fff98, 0x000000000d800000| 99%| O|  |TAMS 0x000000000d700000, 0x000000000d700000| Untracked 
|  42|0x000000000d800000, 0x000000000d8ffff8, 0x000000000d900000| 99%| O|  |TAMS 0x000000000d800000, 0x000000000d800000| Untracked 
|  43|0x000000000d900000, 0x000000000da00000, 0x000000000da00000|100%| O|  |TAMS 0x000000000d900000, 0x000000000d900000| Untracked 
|  44|0x000000000da00000, 0x000000000daffc78, 0x000000000db00000| 99%| O|  |TAMS 0x000000000da00000, 0x000000000da00000| Untracked 
|  45|0x000000000db00000, 0x000000000dc00000, 0x000000000dc00000|100%| O|  |TAMS 0x000000000db00000, 0x000000000db00000| Untracked 
|  46|0x000000000dc00000, 0x000000000dcffff0, 0x000000000dd00000| 99%| O|  |TAMS 0x000000000dc00000, 0x000000000dc00000| Untracked 
|  47|0x000000000dd00000, 0x000000000ddfffe8, 0x000000000de00000| 99%| O|  |TAMS 0x000000000dd00000, 0x000000000dd00000| Untracked 
|  48|0x000000000de00000, 0x000000000deffff0, 0x000000000df00000| 99%| O|  |TAMS 0x000000000de00000, 0x000000000de00000| Untracked 
|  49|0x000000000df00000, 0x000000000dfffff8, 0x000000000e000000| 99%| O|  |TAMS 0x000000000df00000, 0x000000000df00000| Untracked 
|  50|0x000000000e000000, 0x000000000e0ffff8, 0x000000000e100000| 99%| O|  |TAMS 0x000000000e000000, 0x000000000e000000| Untracked 
|  51|0x000000000e100000, 0x000000000e1ffff8, 0x000000000e200000| 99%| O|  |TAMS 0x000000000e100000, 0x000000000e100000| Untracked 
|  52|0x000000000e200000, 0x000000000e300000, 0x000000000e300000|100%| O|  |TAMS 0x000000000e200000, 0x000000000e200000| Untracked 
|  53|0x000000000e300000, 0x000000000e3ffd18, 0x000000000e400000| 99%| O|  |TAMS 0x000000000e300000, 0x000000000e300000| Untracked 
|  54|0x000000000e400000, 0x000000000e4fffc8, 0x000000000e500000| 99%| O|  |TAMS 0x000000000e400000, 0x000000000e400000| Untracked 
|  55|0x000000000e500000, 0x000000000e5ffff0, 0x000000000e600000| 99%| O|  |TAMS 0x000000000e500000, 0x000000000e500000| Untracked 
|  56|0x000000000e600000, 0x000000000e6fffc8, 0x000000000e700000| 99%| O|  |TAMS 0x000000000e600000, 0x000000000e600000| Untracked 
|  57|0x000000000e700000, 0x000000000e7fffd8, 0x000000000e800000| 99%| O|  |TAMS 0x000000000e700000, 0x000000000e700000| Untracked 
|  58|0x000000000e800000, 0x000000000e8ffff8, 0x000000000e900000| 99%| O|  |TAMS 0x000000000e800000, 0x000000000e800000| Untracked 
|  59|0x000000000e900000, 0x000000000e9ffff8, 0x000000000ea00000| 99%| O|  |TAMS 0x000000000e900000, 0x000000000e900000| Untracked 
|  60|0x000000000ea00000, 0x000000000eb00000, 0x000000000eb00000|100%| O|  |TAMS 0x000000000ea00000, 0x000000000ea00000| Untracked 
|  61|0x000000000eb00000, 0x000000000ebfffe0, 0x000000000ec00000| 99%| O|  |TAMS 0x000000000eb00000, 0x000000000eb00000| Untracked 
|  62|0x000000000ec00000, 0x000000000ecfff98, 0x000000000ed00000| 99%| O|  |TAMS 0x000000000ec00000, 0x000000000ec00000| Untracked 
|  63|0x000000000ed00000, 0x000000000ee00000, 0x000000000ee00000|100%| O|  |TAMS 0x000000000ed00000, 0x000000000ed00000| Untracked 
|  64|0x000000000ee00000, 0x000000000eefffe0, 0x000000000ef00000| 99%| O|  |TAMS 0x000000000ee00000, 0x000000000ee00000| Untracked 
|  65|0x000000000ef00000, 0x000000000f000000, 0x000000000f000000|100%| O|  |TAMS 0x000000000ef00000, 0x000000000ef00000| Untracked 
|  66|0x000000000f000000, 0x000000000f100000, 0x000000000f100000|100%| O|  |TAMS 0x000000000f000000, 0x000000000f000000| Untracked 
|  67|0x000000000f100000, 0x000000000f1fffe8, 0x000000000f200000| 99%| O|  |TAMS 0x000000000f100000, 0x000000000f100000| Untracked 
|  68|0x000000000f200000, 0x000000000f2ffff0, 0x000000000f300000| 99%| O|  |TAMS 0x000000000f200000, 0x000000000f200000| Untracked 
|  69|0x000000000f300000, 0x000000000f3fffc8, 0x000000000f400000| 99%| O|  |TAMS 0x000000000f300000, 0x000000000f300000| Untracked 
|  70|0x000000000f400000, 0x000000000f4fffc8, 0x000000000f500000| 99%| O|  |TAMS 0x000000000f400000, 0x000000000f400000| Untracked 
|  71|0x000000000f500000, 0x000000000f5ffff0, 0x000000000f600000| 99%| O|  |TAMS 0x000000000f500000, 0x000000000f500000| Untracked 
|  72|0x000000000f600000, 0x000000000f6fffe0, 0x000000000f700000| 99%| O|  |TAMS 0x000000000f600000, 0x000000000f600000| Untracked 
|  73|0x000000000f700000, 0x000000000f800000, 0x000000000f800000|100%|HS|  |TAMS 0x000000000f700000, 0x000000000f700000| Untracked 
|  74|0x000000000f800000, 0x000000000f8fd340, 0x000000000f900000| 98%| O|  |TAMS 0x000000000f800000, 0x000000000f800000| Untracked 
|  75|0x000000000f900000, 0x000000000fa00000, 0x000000000fa00000|100%| O|  |TAMS 0x000000000f900000, 0x000000000f900000| Untracked 
|  76|0x000000000fa00000, 0x000000000faffff0, 0x000000000fb00000| 99%| O|  |TAMS 0x000000000fa00000, 0x000000000fa00000| Untracked 
|  77|0x000000000fb00000, 0x000000000fbfe600, 0x000000000fc00000| 99%| O|  |TAMS 0x000000000fb00000, 0x000000000fb00000| Untracked 
|  78|0x000000000fc00000, 0x000000000fcff2c8, 0x000000000fd00000| 99%| O|  |TAMS 0x000000000fc00000, 0x000000000fc00000| Untracked 
|  79|0x000000000fd00000, 0x000000000fdfff88, 0x000000000fe00000| 99%| O|  |TAMS 0x000000000fd00000, 0x000000000fd00000| Untracked 
|  80|0x000000000fe00000, 0x000000000feffff8, 0x000000000ff00000| 99%| O|  |TAMS 0x000000000fe00000, 0x000000000fe00000| Untracked 
|  81|0x000000000ff00000, 0x000000000ffffff0, 0x0000000010000000| 99%| O|  |TAMS 0x000000000ff00000, 0x000000000ff00000| Untracked 
|  82|0x0000000010000000, 0x00000000100fd070, 0x0000000010100000| 98%| O|  |TAMS 0x0000000010000000, 0x0000000010000000| Untracked 
|  83|0x0000000010100000, 0x0000000010200000, 0x0000000010200000|100%|HS|  |TAMS 0x0000000010100000, 0x0000000010100000| Untracked 
|  84|0x0000000010200000, 0x00000000102fff78, 0x0000000010300000| 99%| O|  |TAMS 0x0000000010200000, 0x0000000010200000| Untracked 
|  85|0x0000000010300000, 0x00000000103fffb0, 0x0000000010400000| 99%| O|  |TAMS 0x0000000010300000, 0x0000000010300000| Untracked 
|  86|0x0000000010400000, 0x00000000104ffff8, 0x0000000010500000| 99%| O|  |TAMS 0x0000000010400000, 0x0000000010400000| Untracked 
|  87|0x0000000010500000, 0x00000000105ffff0, 0x0000000010600000| 99%| O|  |TAMS 0x0000000010500000, 0x0000000010500000| Untracked 
|  88|0x0000000010600000, 0x0000000010700000, 0x0000000010700000|100%|HS|  |TAMS 0x0000000010600000, 0x0000000010600000| Untracked 
|  89|0x0000000010700000, 0x00000000107ffff8, 0x0000000010800000| 99%| O|  |TAMS 0x0000000010700000, 0x0000000010700000| Untracked 
|  90|0x0000000010800000, 0x00000000108fff88, 0x0000000010900000| 99%| O|  |TAMS 0x0000000010800000, 0x0000000010800000| Untracked 
|  91|0x0000000010900000, 0x00000000109ff008, 0x0000000010a00000| 99%| O|  |TAMS 0x0000000010900000, 0x0000000010900000| Untracked 
|  92|0x0000000010a00000, 0x0000000010afffe8, 0x0000000010b00000| 99%| O|  |TAMS 0x0000000010a00000, 0x0000000010a00000| Untracked 
|  93|0x0000000010b00000, 0x0000000010bfa508, 0x0000000010c00000| 97%| O|  |TAMS 0x0000000010b00000, 0x0000000010b00000| Untracked 
|  94|0x0000000010c00000, 0x0000000010cfe200, 0x0000000010d00000| 99%| O|  |TAMS 0x0000000010c00000, 0x0000000010c00000| Untracked 
|  95|0x0000000010d00000, 0x0000000010dfffc8, 0x0000000010e00000| 99%| O|  |TAMS 0x0000000010d00000, 0x0000000010d00000| Untracked 
|  96|0x0000000010e00000, 0x0000000010efffe8, 0x0000000010f00000| 99%| O|  |TAMS 0x0000000010e00000, 0x0000000010e00000| Untracked 
|  97|0x0000000010f00000, 0x0000000010fff780, 0x0000000011000000| 99%| O|  |TAMS 0x0000000010f00000, 0x0000000010f00000| Untracked 
|  98|0x0000000011000000, 0x00000000110fffd8, 0x0000000011100000| 99%| O|  |TAMS 0x0000000011000000, 0x0000000011000000| Untracked 
|  99|0x0000000011100000, 0x00000000111ffff0, 0x0000000011200000| 99%| O|  |TAMS 0x0000000011100000, 0x0000000011100000| Untracked 
| 100|0x0000000011200000, 0x00000000112fffd8, 0x0000000011300000| 99%| O|  |TAMS 0x0000000011200000, 0x0000000011200000| Untracked 
| 101|0x0000000011300000, 0x00000000113565a8, 0x0000000011400000| 33%| O|  |TAMS 0x0000000011300000, 0x0000000011300000| Untracked 
| 102|0x0000000011400000, 0x0000000011500000, 0x0000000011500000|100%| O|  |TAMS 0x0000000011400000, 0x0000000011400000| Untracked 
| 103|0x0000000011500000, 0x0000000011587860, 0x0000000011600000| 52%| O|  |TAMS 0x0000000011500000, 0x0000000011500000| Untracked 
| 104|0x0000000011600000, 0x00000000116c4c60, 0x0000000011700000| 76%| O|  |TAMS 0x0000000011600000, 0x0000000011600000| Untracked 
| 105|0x0000000011700000, 0x00000000117fffd0, 0x0000000011800000| 99%| O|  |TAMS 0x0000000011700000, 0x0000000011700000| Untracked 
| 106|0x0000000011800000, 0x0000000011800000, 0x0000000011900000|  0%| F|  |TAMS 0x0000000011800000, 0x0000000011800000| Untracked 
| 107|0x0000000011900000, 0x0000000011900000, 0x0000000011a00000|  0%| F|  |TAMS 0x0000000011900000, 0x0000000011900000| Untracked 
| 108|0x0000000011a00000, 0x0000000011a00000, 0x0000000011b00000|  0%| F|  |TAMS 0x0000000011a00000, 0x0000000011a00000| Untracked 
| 109|0x0000000011b00000, 0x0000000011c00000, 0x0000000011c00000|100%|HS|  |TAMS 0x0000000011b00000, 0x0000000011b00000| Untracked 
| 110|0x0000000011c00000, 0x0000000011c00000, 0x0000000011d00000|  0%| F|  |TAMS 0x0000000011c00000, 0x0000000011c00000| Untracked 
| 111|0x0000000011d00000, 0x0000000011d2da40, 0x0000000011e00000| 17%| O|  |TAMS 0x0000000011d00000, 0x0000000011d00000| Untracked 
| 112|0x0000000011e00000, 0x0000000011e00000, 0x0000000011f00000|  0%| F|  |TAMS 0x0000000011e00000, 0x0000000011e00000| Untracked 
| 113|0x0000000011f00000, 0x0000000011f00000, 0x0000000012000000|  0%| F|  |TAMS 0x0000000011f00000, 0x0000000011f00000| Untracked 
| 114|0x0000000012000000, 0x0000000012000000, 0x0000000012100000|  0%| F|  |TAMS 0x0000000012000000, 0x0000000012000000| Untracked 
| 115|0x0000000012100000, 0x0000000012100000, 0x0000000012200000|  0%| F|  |TAMS 0x0000000012100000, 0x0000000012100000| Untracked 
| 116|0x0000000012200000, 0x0000000012200000, 0x0000000012300000|  0%| F|  |TAMS 0x0000000012200000, 0x0000000012200000| Untracked 
| 117|0x0000000012300000, 0x0000000012300000, 0x0000000012400000|  0%| F|  |TAMS 0x0000000012300000, 0x0000000012300000| Untracked 
| 118|0x0000000012400000, 0x0000000012400000, 0x0000000012500000|  0%| F|  |TAMS 0x0000000012400000, 0x0000000012400000| Untracked 
| 119|0x0000000012500000, 0x0000000012500000, 0x0000000012600000|  0%| F|  |TAMS 0x0000000012500000, 0x0000000012500000| Untracked 
| 120|0x0000000012600000, 0x0000000012600000, 0x0000000012700000|  0%| F|  |TAMS 0x0000000012600000, 0x0000000012600000| Untracked 
| 121|0x0000000012700000, 0x0000000012700000, 0x0000000012800000|  0%| F|  |TAMS 0x0000000012700000, 0x0000000012700000| Untracked 
| 122|0x0000000012800000, 0x0000000012800000, 0x0000000012900000|  0%| F|  |TAMS 0x0000000012800000, 0x0000000012800000| Untracked 
| 123|0x0000000012900000, 0x0000000012900000, 0x0000000012a00000|  0%| F|  |TAMS 0x0000000012900000, 0x0000000012900000| Untracked 
| 124|0x0000000012a00000, 0x0000000012a00000, 0x0000000012b00000|  0%| F|  |TAMS 0x0000000012a00000, 0x0000000012a00000| Untracked 
| 125|0x0000000012b00000, 0x0000000012b00000, 0x0000000012c00000|  0%| F|  |TAMS 0x0000000012b00000, 0x0000000012b00000| Untracked 
| 126|0x0000000012c00000, 0x0000000012c00000, 0x0000000012d00000|  0%| F|  |TAMS 0x0000000012c00000, 0x0000000012c00000| Untracked 
| 127|0x0000000012d00000, 0x0000000012d00000, 0x0000000012e00000|  0%| F|  |TAMS 0x0000000012d00000, 0x0000000012d00000| Untracked 
| 128|0x0000000012e00000, 0x0000000012e00000, 0x0000000012f00000|  0%| F|  |TAMS 0x0000000012e00000, 0x0000000012e00000| Untracked 
| 129|0x0000000012f00000, 0x0000000012f00000, 0x0000000013000000|  0%| F|  |TAMS 0x0000000012f00000, 0x0000000012f00000| Untracked 
| 130|0x0000000013000000, 0x0000000013000000, 0x0000000013100000|  0%| F|  |TAMS 0x0000000013000000, 0x0000000013000000| Untracked 
| 131|0x0000000013100000, 0x0000000013100000, 0x0000000013200000|  0%| F|  |TAMS 0x0000000013100000, 0x0000000013100000| Untracked 
| 132|0x0000000013200000, 0x0000000013200000, 0x0000000013300000|  0%| F|  |TAMS 0x0000000013200000, 0x0000000013200000| Untracked 
| 133|0x0000000013300000, 0x0000000013300000, 0x0000000013400000|  0%| F|  |TAMS 0x0000000013300000, 0x0000000013300000| Untracked 
| 134|0x0000000013400000, 0x0000000013400000, 0x0000000013500000|  0%| F|  |TAMS 0x0000000013400000, 0x0000000013400000| Untracked 
| 135|0x0000000013500000, 0x0000000013500000, 0x0000000013600000|  0%| F|  |TAMS 0x0000000013500000, 0x0000000013500000| Untracked 
| 136|0x0000000013600000, 0x0000000013600000, 0x0000000013700000|  0%| F|  |TAMS 0x0000000013600000, 0x0000000013600000| Untracked 
| 137|0x0000000013700000, 0x0000000013700000, 0x0000000013800000|  0%| F|  |TAMS 0x0000000013700000, 0x0000000013700000| Untracked 
| 138|0x0000000013800000, 0x0000000013800000, 0x0000000013900000|  0%| F|  |TAMS 0x0000000013800000, 0x0000000013800000| Untracked 
| 139|0x0000000013900000, 0x0000000013900000, 0x0000000013a00000|  0%| F|  |TAMS 0x0000000013900000, 0x0000000013900000| Untracked 
| 140|0x0000000013a00000, 0x0000000013a00000, 0x0000000013b00000|  0%| F|  |TAMS 0x0000000013a00000, 0x0000000013a00000| Untracked 
| 141|0x0000000013b00000, 0x0000000013b00000, 0x0000000013c00000|  0%| F|  |TAMS 0x0000000013b00000, 0x0000000013b00000| Untracked 
| 142|0x0000000013c00000, 0x0000000013c00000, 0x0000000013d00000|  0%| F|  |TAMS 0x0000000013c00000, 0x0000000013c00000| Untracked 
| 143|0x0000000013d00000, 0x0000000013d00000, 0x0000000013e00000|  0%| F|  |TAMS 0x0000000013d00000, 0x0000000013d00000| Untracked 
| 144|0x0000000013e00000, 0x0000000013e00000, 0x0000000013f00000|  0%| F|  |TAMS 0x0000000013e00000, 0x0000000013e00000| Untracked 
| 145|0x0000000013f00000, 0x0000000013f00000, 0x0000000014000000|  0%| F|  |TAMS 0x0000000013f00000, 0x0000000013f00000| Untracked 
| 146|0x0000000014000000, 0x0000000014000000, 0x0000000014100000|  0%| F|  |TAMS 0x0000000014000000, 0x0000000014000000| Untracked 
| 147|0x0000000014100000, 0x0000000014100000, 0x0000000014200000|  0%| F|  |TAMS 0x0000000014100000, 0x0000000014100000| Untracked 
| 148|0x0000000014200000, 0x0000000014200000, 0x0000000014300000|  0%| F|  |TAMS 0x0000000014200000, 0x0000000014200000| Untracked 
| 149|0x0000000014300000, 0x0000000014300000, 0x0000000014400000|  0%| F|  |TAMS 0x0000000014300000, 0x0000000014300000| Untracked 
| 150|0x0000000014400000, 0x0000000014400000, 0x0000000014500000|  0%| F|  |TAMS 0x0000000014400000, 0x0000000014400000| Untracked 
| 151|0x0000000014500000, 0x0000000014500000, 0x0000000014600000|  0%| F|  |TAMS 0x0000000014500000, 0x0000000014500000| Untracked 
| 152|0x0000000014600000, 0x0000000014600000, 0x0000000014700000|  0%| F|  |TAMS 0x0000000014600000, 0x0000000014600000| Untracked 
| 153|0x0000000014700000, 0x0000000014700000, 0x0000000014800000|  0%| F|  |TAMS 0x0000000014700000, 0x0000000014700000| Untracked 
| 154|0x0000000014800000, 0x0000000014800000, 0x0000000014900000|  0%| F|  |TAMS 0x0000000014800000, 0x0000000014800000| Untracked 
| 155|0x0000000014900000, 0x0000000014900000, 0x0000000014a00000|  0%| F|  |TAMS 0x0000000014900000, 0x0000000014900000| Untracked 
| 156|0x0000000014a00000, 0x0000000014a00000, 0x0000000014b00000|  0%| F|  |TAMS 0x0000000014a00000, 0x0000000014a00000| Untracked 
| 157|0x0000000014b00000, 0x0000000014b00000, 0x0000000014c00000|  0%| F|  |TAMS 0x0000000014b00000, 0x0000000014b00000| Untracked 
| 158|0x0000000014c00000, 0x0000000014c00000, 0x0000000014d00000|  0%| F|  |TAMS 0x0000000014c00000, 0x0000000014c00000| Untracked 
| 159|0x0000000014d00000, 0x0000000014d00000, 0x0000000014e00000|  0%| F|  |TAMS 0x0000000014d00000, 0x0000000014d00000| Untracked 
| 160|0x0000000014e00000, 0x0000000014e00000, 0x0000000014f00000|  0%| F|  |TAMS 0x0000000014e00000, 0x0000000014e00000| Untracked 
| 161|0x0000000014f00000, 0x0000000014f00000, 0x0000000015000000|  0%| F|  |TAMS 0x0000000014f00000, 0x0000000014f00000| Untracked 
| 162|0x0000000015000000, 0x0000000015000000, 0x0000000015100000|  0%| F|  |TAMS 0x0000000015000000, 0x0000000015000000| Untracked 
| 163|0x0000000015100000, 0x0000000015100000, 0x0000000015200000|  0%| F|  |TAMS 0x0000000015100000, 0x0000000015100000| Untracked 
| 164|0x0000000015200000, 0x0000000015200000, 0x0000000015300000|  0%| F|  |TAMS 0x0000000015200000, 0x0000000015200000| Untracked 
| 165|0x0000000015300000, 0x0000000015300000, 0x0000000015400000|  0%| F|  |TAMS 0x0000000015300000, 0x0000000015300000| Untracked 
| 166|0x0000000015400000, 0x0000000015400000, 0x0000000015500000|  0%| F|  |TAMS 0x0000000015400000, 0x0000000015400000| Untracked 
| 167|0x0000000015500000, 0x0000000015500000, 0x0000000015600000|  0%| F|  |TAMS 0x0000000015500000, 0x0000000015500000| Untracked 
| 168|0x0000000015600000, 0x0000000015600000, 0x0000000015700000|  0%| F|  |TAMS 0x0000000015600000, 0x0000000015600000| Untracked 
| 169|0x0000000015700000, 0x0000000015700000, 0x0000000015800000|  0%| F|  |TAMS 0x0000000015700000, 0x0000000015700000| Untracked 
| 170|0x0000000015800000, 0x0000000015800000, 0x0000000015900000|  0%| F|  |TAMS 0x0000000015800000, 0x0000000015800000| Untracked 
| 171|0x0000000015900000, 0x0000000015900000, 0x0000000015a00000|  0%| F|  |TAMS 0x0000000015900000, 0x0000000015900000| Untracked 
| 172|0x0000000015a00000, 0x0000000015a00000, 0x0000000015b00000|  0%| F|  |TAMS 0x0000000015a00000, 0x0000000015a00000| Untracked 
| 173|0x0000000015b00000, 0x0000000015b00000, 0x0000000015c00000|  0%| F|  |TAMS 0x0000000015b00000, 0x0000000015b00000| Untracked 
| 174|0x0000000015c00000, 0x0000000015c00000, 0x0000000015d00000|  0%| F|  |TAMS 0x0000000015c00000, 0x0000000015c00000| Untracked 
| 175|0x0000000015d00000, 0x0000000015d00000, 0x0000000015e00000|  0%| F|  |TAMS 0x0000000015d00000, 0x0000000015d00000| Untracked 
| 176|0x0000000015e00000, 0x0000000015e00000, 0x0000000015f00000|  0%| F|  |TAMS 0x0000000015e00000, 0x0000000015e00000| Untracked 
| 177|0x0000000015f00000, 0x0000000015f00000, 0x0000000016000000|  0%| F|  |TAMS 0x0000000015f00000, 0x0000000015f00000| Untracked 
| 178|0x0000000016000000, 0x0000000016000000, 0x0000000016100000|  0%| F|  |TAMS 0x0000000016000000, 0x0000000016000000| Untracked 
| 179|0x0000000016100000, 0x0000000016100000, 0x0000000016200000|  0%| F|  |TAMS 0x0000000016100000, 0x0000000016100000| Untracked 
| 180|0x0000000016200000, 0x0000000016200000, 0x0000000016300000|  0%| F|  |TAMS 0x0000000016200000, 0x0000000016200000| Untracked 
| 181|0x0000000016300000, 0x0000000016300000, 0x0000000016400000|  0%| F|  |TAMS 0x0000000016300000, 0x0000000016300000| Untracked 
| 182|0x0000000016400000, 0x0000000016400000, 0x0000000016500000|  0%| F|  |TAMS 0x0000000016400000, 0x0000000016400000| Untracked 
| 183|0x0000000016500000, 0x0000000016500000, 0x0000000016600000|  0%| F|  |TAMS 0x0000000016500000, 0x0000000016500000| Untracked 
| 184|0x0000000016600000, 0x0000000016600000, 0x0000000016700000|  0%| F|  |TAMS 0x0000000016600000, 0x0000000016600000| Untracked 
| 185|0x0000000016700000, 0x0000000016700000, 0x0000000016800000|  0%| F|  |TAMS 0x0000000016700000, 0x0000000016700000| Untracked 
| 186|0x0000000016800000, 0x0000000016800000, 0x0000000016900000|  0%| F|  |TAMS 0x0000000016800000, 0x0000000016800000| Untracked 
| 187|0x0000000016900000, 0x0000000016900000, 0x0000000016a00000|  0%| F|  |TAMS 0x0000000016900000, 0x0000000016900000| Untracked 
| 188|0x0000000016a00000, 0x0000000016a00000, 0x0000000016b00000|  0%| F|  |TAMS 0x0000000016a00000, 0x0000000016a00000| Untracked 
| 189|0x0000000016b00000, 0x0000000016b00000, 0x0000000016c00000|  0%| F|  |TAMS 0x0000000016b00000, 0x0000000016b00000| Untracked 
| 190|0x0000000016c00000, 0x0000000016c00000, 0x0000000016d00000|  0%| F|  |TAMS 0x0000000016c00000, 0x0000000016c00000| Untracked 
| 191|0x0000000016d00000, 0x0000000016d00000, 0x0000000016e00000|  0%| F|  |TAMS 0x0000000016d00000, 0x0000000016d00000| Untracked 
| 192|0x0000000016e00000, 0x0000000016e00000, 0x0000000016f00000|  0%| F|  |TAMS 0x0000000016e00000, 0x0000000016e00000| Untracked 
| 193|0x0000000016f00000, 0x0000000016f00000, 0x0000000017000000|  0%| F|  |TAMS 0x0000000016f00000, 0x0000000016f00000| Untracked 
| 194|0x0000000017000000, 0x0000000017000000, 0x0000000017100000|  0%| F|  |TAMS 0x0000000017000000, 0x0000000017000000| Untracked 
| 195|0x0000000017100000, 0x0000000017100000, 0x0000000017200000|  0%| F|  |TAMS 0x0000000017100000, 0x0000000017100000| Untracked 
| 196|0x0000000017200000, 0x0000000017200000, 0x0000000017300000|  0%| F|  |TAMS 0x0000000017200000, 0x0000000017200000| Untracked 
| 197|0x0000000017300000, 0x0000000017300000, 0x0000000017400000|  0%| F|  |TAMS 0x0000000017300000, 0x0000000017300000| Untracked 
| 198|0x0000000017400000, 0x0000000017400000, 0x0000000017500000|  0%| F|  |TAMS 0x0000000017400000, 0x0000000017400000| Untracked 
| 199|0x0000000017500000, 0x0000000017500000, 0x0000000017600000|  0%| F|  |TAMS 0x0000000017500000, 0x0000000017500000| Untracked 
| 200|0x0000000017600000, 0x0000000017600000, 0x0000000017700000|  0%| F|  |TAMS 0x0000000017600000, 0x0000000017600000| Untracked 
| 201|0x0000000017700000, 0x0000000017700000, 0x0000000017800000|  0%| F|  |TAMS 0x0000000017700000, 0x0000000017700000| Untracked 
| 202|0x0000000017800000, 0x0000000017800000, 0x0000000017900000|  0%| F|  |TAMS 0x0000000017800000, 0x0000000017800000| Untracked 
| 203|0x0000000017900000, 0x0000000017900000, 0x0000000017a00000|  0%| F|  |TAMS 0x0000000017900000, 0x0000000017900000| Untracked 
| 204|0x0000000017a00000, 0x0000000017a00000, 0x0000000017b00000|  0%| F|  |TAMS 0x0000000017a00000, 0x0000000017a00000| Untracked 
| 205|0x0000000017b00000, 0x0000000017b00000, 0x0000000017c00000|  0%| F|  |TAMS 0x0000000017b00000, 0x0000000017b00000| Untracked 
| 206|0x0000000017c00000, 0x0000000017c00000, 0x0000000017d00000|  0%| F|  |TAMS 0x0000000017c00000, 0x0000000017c00000| Untracked 
| 207|0x0000000017d00000, 0x0000000017d00000, 0x0000000017e00000|  0%| F|  |TAMS 0x0000000017d00000, 0x0000000017d00000| Untracked 
| 208|0x0000000017e00000, 0x0000000017e00000, 0x0000000017f00000|  0%| F|  |TAMS 0x0000000017e00000, 0x0000000017e00000| Untracked 
| 209|0x0000000017f00000, 0x0000000017f00000, 0x0000000018000000|  0%| F|  |TAMS 0x0000000017f00000, 0x0000000017f00000| Untracked 
| 210|0x0000000018000000, 0x0000000018000000, 0x0000000018100000|  0%| F|  |TAMS 0x0000000018000000, 0x0000000018000000| Untracked 
| 211|0x0000000018100000, 0x0000000018100000, 0x0000000018200000|  0%| F|  |TAMS 0x0000000018100000, 0x0000000018100000| Untracked 
| 212|0x0000000018200000, 0x0000000018200000, 0x0000000018300000|  0%| F|  |TAMS 0x0000000018200000, 0x0000000018200000| Untracked 
| 213|0x0000000018300000, 0x0000000018300000, 0x0000000018400000|  0%| F|  |TAMS 0x0000000018300000, 0x0000000018300000| Untracked 
| 214|0x0000000018400000, 0x0000000018400000, 0x0000000018500000|  0%| F|  |TAMS 0x0000000018400000, 0x0000000018400000| Untracked 
| 215|0x0000000018500000, 0x0000000018500000, 0x0000000018600000|  0%| F|  |TAMS 0x0000000018500000, 0x0000000018500000| Untracked 
| 216|0x0000000018600000, 0x0000000018600000, 0x0000000018700000|  0%| F|  |TAMS 0x0000000018600000, 0x0000000018600000| Untracked 
| 217|0x0000000018700000, 0x0000000018700000, 0x0000000018800000|  0%| F|  |TAMS 0x0000000018700000, 0x0000000018700000| Untracked 
| 218|0x0000000018800000, 0x0000000018800000, 0x0000000018900000|  0%| F|  |TAMS 0x0000000018800000, 0x0000000018800000| Untracked 
| 219|0x0000000018900000, 0x0000000018900000, 0x0000000018a00000|  0%| F|  |TAMS 0x0000000018900000, 0x0000000018900000| Untracked 
| 220|0x0000000018a00000, 0x0000000018a00000, 0x0000000018b00000|  0%| F|  |TAMS 0x0000000018a00000, 0x0000000018a00000| Untracked 
| 221|0x0000000018b00000, 0x0000000018b00000, 0x0000000018c00000|  0%| F|  |TAMS 0x0000000018b00000, 0x0000000018b00000| Untracked 
| 222|0x0000000018c00000, 0x0000000018c00000, 0x0000000018d00000|  0%| F|  |TAMS 0x0000000018c00000, 0x0000000018c00000| Untracked 
| 223|0x0000000018d00000, 0x0000000018d00000, 0x0000000018e00000|  0%| F|  |TAMS 0x0000000018d00000, 0x0000000018d00000| Untracked 
| 224|0x0000000018e00000, 0x0000000018e00000, 0x0000000018f00000|  0%| F|  |TAMS 0x0000000018e00000, 0x0000000018e00000| Untracked 
| 225|0x0000000018f00000, 0x0000000018f00000, 0x0000000019000000|  0%| F|  |TAMS 0x0000000018f00000, 0x0000000018f00000| Untracked 
| 226|0x0000000019000000, 0x0000000019000000, 0x0000000019100000|  0%| F|  |TAMS 0x0000000019000000, 0x0000000019000000| Untracked 
| 227|0x0000000019100000, 0x0000000019100000, 0x0000000019200000|  0%| F|  |TAMS 0x0000000019100000, 0x0000000019100000| Untracked 
| 228|0x0000000019200000, 0x0000000019200000, 0x0000000019300000|  0%| F|  |TAMS 0x0000000019200000, 0x0000000019200000| Untracked 
| 229|0x0000000019300000, 0x0000000019300000, 0x0000000019400000|  0%| F|  |TAMS 0x0000000019300000, 0x0000000019300000| Untracked 
| 230|0x0000000019400000, 0x0000000019400000, 0x0000000019500000|  0%| F|  |TAMS 0x0000000019400000, 0x0000000019400000| Untracked 
| 231|0x0000000019500000, 0x0000000019500000, 0x0000000019600000|  0%| F|  |TAMS 0x0000000019500000, 0x0000000019500000| Untracked 
| 232|0x0000000019600000, 0x0000000019600000, 0x0000000019700000|  0%| F|  |TAMS 0x0000000019600000, 0x0000000019600000| Untracked 
| 233|0x0000000019700000, 0x0000000019700000, 0x0000000019800000|  0%| F|  |TAMS 0x0000000019700000, 0x0000000019700000| Untracked 
| 234|0x0000000019800000, 0x0000000019800000, 0x0000000019900000|  0%| F|  |TAMS 0x0000000019800000, 0x0000000019800000| Untracked 
| 235|0x0000000019900000, 0x0000000019900000, 0x0000000019a00000|  0%| F|  |TAMS 0x0000000019900000, 0x0000000019900000| Untracked 
| 236|0x0000000019a00000, 0x0000000019a00000, 0x0000000019b00000|  0%| F|  |TAMS 0x0000000019a00000, 0x0000000019a00000| Untracked 
| 237|0x0000000019b00000, 0x0000000019b00000, 0x0000000019c00000|  0%| F|  |TAMS 0x0000000019b00000, 0x0000000019b00000| Untracked 
| 238|0x0000000019c00000, 0x0000000019c00000, 0x0000000019d00000|  0%| F|  |TAMS 0x0000000019c00000, 0x0000000019c00000| Untracked 
| 239|0x0000000019d00000, 0x0000000019d00000, 0x0000000019e00000|  0%| F|  |TAMS 0x0000000019d00000, 0x0000000019d00000| Untracked 
| 240|0x0000000019e00000, 0x0000000019e00000, 0x0000000019f00000|  0%| F|  |TAMS 0x0000000019e00000, 0x0000000019e00000| Untracked 
| 241|0x0000000019f00000, 0x0000000019f00000, 0x000000001a000000|  0%| F|  |TAMS 0x0000000019f00000, 0x0000000019f00000| Untracked 
| 242|0x000000001a000000, 0x000000001a000000, 0x000000001a100000|  0%| F|  |TAMS 0x000000001a000000, 0x000000001a000000| Untracked 
| 243|0x000000001a100000, 0x000000001a100000, 0x000000001a200000|  0%| F|  |TAMS 0x000000001a100000, 0x000000001a100000| Untracked 
| 244|0x000000001a200000, 0x000000001a200000, 0x000000001a300000|  0%| F|  |TAMS 0x000000001a200000, 0x000000001a200000| Untracked 
| 245|0x000000001a300000, 0x000000001a300000, 0x000000001a400000|  0%| F|  |TAMS 0x000000001a300000, 0x000000001a300000| Untracked 
| 246|0x000000001a400000, 0x000000001a400000, 0x000000001a500000|  0%| F|  |TAMS 0x000000001a400000, 0x000000001a400000| Untracked 
| 247|0x000000001a500000, 0x000000001a500000, 0x000000001a600000|  0%| F|  |TAMS 0x000000001a500000, 0x000000001a500000| Untracked 
| 248|0x000000001a600000, 0x000000001a600000, 0x000000001a700000|  0%| F|  |TAMS 0x000000001a600000, 0x000000001a600000| Untracked 
| 249|0x000000001a700000, 0x000000001a700000, 0x000000001a800000|  0%| F|  |TAMS 0x000000001a700000, 0x000000001a700000| Untracked 
| 250|0x000000001a800000, 0x000000001a800000, 0x000000001a900000|  0%| F|  |TAMS 0x000000001a800000, 0x000000001a800000| Untracked 
| 251|0x000000001a900000, 0x000000001a900000, 0x000000001aa00000|  0%| F|  |TAMS 0x000000001a900000, 0x000000001a900000| Untracked 
| 252|0x000000001aa00000, 0x000000001aa00000, 0x000000001ab00000|  0%| F|  |TAMS 0x000000001aa00000, 0x000000001aa00000| Untracked 
| 253|0x000000001ab00000, 0x000000001ab00000, 0x000000001ac00000|  0%| F|  |TAMS 0x000000001ab00000, 0x000000001ab00000| Untracked 
| 254|0x000000001ac00000, 0x000000001ac00000, 0x000000001ad00000|  0%| F|  |TAMS 0x000000001ac00000, 0x000000001ac00000| Untracked 
| 255|0x000000001ad00000, 0x000000001ad00000, 0x000000001ae00000|  0%| F|  |TAMS 0x000000001ad00000, 0x000000001ad00000| Untracked 
| 256|0x000000001ae00000, 0x000000001ae00000, 0x000000001af00000|  0%| F|  |TAMS 0x000000001ae00000, 0x000000001ae00000| Untracked 
| 257|0x000000001af00000, 0x000000001af00000, 0x000000001b000000|  0%| F|  |TAMS 0x000000001af00000, 0x000000001af00000| Untracked 
| 258|0x000000001b000000, 0x000000001b000000, 0x000000001b100000|  0%| F|  |TAMS 0x000000001b000000, 0x000000001b000000| Untracked 
| 259|0x000000001b100000, 0x000000001b100000, 0x000000001b200000|  0%| F|  |TAMS 0x000000001b100000, 0x000000001b100000| Untracked 
| 260|0x000000001b200000, 0x000000001b200000, 0x000000001b300000|  0%| F|  |TAMS 0x000000001b200000, 0x000000001b200000| Untracked 
| 261|0x000000001b300000, 0x000000001b300000, 0x000000001b400000|  0%| F|  |TAMS 0x000000001b300000, 0x000000001b300000| Untracked 
| 262|0x000000001b400000, 0x000000001b400000, 0x000000001b500000|  0%| F|  |TAMS 0x000000001b400000, 0x000000001b400000| Untracked 
| 263|0x000000001b500000, 0x000000001b500000, 0x000000001b600000|  0%| F|  |TAMS 0x000000001b500000, 0x000000001b500000| Untracked 
| 264|0x000000001b600000, 0x000000001b600000, 0x000000001b700000|  0%| F|  |TAMS 0x000000001b600000, 0x000000001b600000| Untracked 
| 265|0x000000001b700000, 0x000000001b700000, 0x000000001b800000|  0%| F|  |TAMS 0x000000001b700000, 0x000000001b700000| Untracked 
| 266|0x000000001b800000, 0x000000001b800000, 0x000000001b900000|  0%| F|  |TAMS 0x000000001b800000, 0x000000001b800000| Untracked 
| 267|0x000000001b900000, 0x000000001b900000, 0x000000001ba00000|  0%| F|  |TAMS 0x000000001b900000, 0x000000001b900000| Untracked 
| 268|0x000000001ba00000, 0x000000001ba00000, 0x000000001bb00000|  0%| F|  |TAMS 0x000000001ba00000, 0x000000001ba00000| Untracked 
| 269|0x000000001bb00000, 0x000000001bb00000, 0x000000001bc00000|  0%| F|  |TAMS 0x000000001bb00000, 0x000000001bb00000| Untracked 
| 270|0x000000001bc00000, 0x000000001bc00000, 0x000000001bd00000|  0%| F|  |TAMS 0x000000001bc00000, 0x000000001bc00000| Untracked 
| 271|0x000000001bd00000, 0x000000001bd00000, 0x000000001be00000|  0%| F|  |TAMS 0x000000001bd00000, 0x000000001bd00000| Untracked 
| 272|0x000000001be00000, 0x000000001be00000, 0x000000001bf00000|  0%| F|  |TAMS 0x000000001be00000, 0x000000001be00000| Untracked 
| 273|0x000000001bf00000, 0x000000001bf00000, 0x000000001c000000|  0%| F|  |TAMS 0x000000001bf00000, 0x000000001bf00000| Untracked 
| 274|0x000000001c000000, 0x000000001c000000, 0x000000001c100000|  0%| F|  |TAMS 0x000000001c000000, 0x000000001c000000| Untracked 
| 275|0x000000001c100000, 0x000000001c100000, 0x000000001c200000|  0%| F|  |TAMS 0x000000001c100000, 0x000000001c100000| Untracked 
| 276|0x000000001c200000, 0x000000001c200000, 0x000000001c300000|  0%| F|  |TAMS 0x000000001c200000, 0x000000001c200000| Untracked 
| 277|0x000000001c300000, 0x000000001c300000, 0x000000001c400000|  0%| F|  |TAMS 0x000000001c300000, 0x000000001c300000| Untracked 
| 278|0x000000001c400000, 0x000000001c400000, 0x000000001c500000|  0%| F|  |TAMS 0x000000001c400000, 0x000000001c400000| Untracked 
| 279|0x000000001c500000, 0x000000001c500000, 0x000000001c600000|  0%| F|  |TAMS 0x000000001c500000, 0x000000001c500000| Untracked 
| 280|0x000000001c600000, 0x000000001c600000, 0x000000001c700000|  0%| F|  |TAMS 0x000000001c600000, 0x000000001c600000| Untracked 
| 281|0x000000001c700000, 0x000000001c700000, 0x000000001c800000|  0%| F|  |TAMS 0x000000001c700000, 0x000000001c700000| Untracked 
| 282|0x000000001c800000, 0x000000001c800000, 0x000000001c900000|  0%| F|  |TAMS 0x000000001c800000, 0x000000001c800000| Untracked 
| 283|0x000000001c900000, 0x000000001c900000, 0x000000001ca00000|  0%| F|  |TAMS 0x000000001c900000, 0x000000001c900000| Untracked 
| 284|0x000000001ca00000, 0x000000001ca00000, 0x000000001cb00000|  0%| F|  |TAMS 0x000000001ca00000, 0x000000001ca00000| Untracked 
| 285|0x000000001cb00000, 0x000000001cb00000, 0x000000001cc00000|  0%| F|  |TAMS 0x000000001cb00000, 0x000000001cb00000| Untracked 
| 286|0x000000001cc00000, 0x000000001cc00000, 0x000000001cd00000|  0%| F|  |TAMS 0x000000001cc00000, 0x000000001cc00000| Untracked 
| 287|0x000000001cd00000, 0x000000001cd00000, 0x000000001ce00000|  0%| F|  |TAMS 0x000000001cd00000, 0x000000001cd00000| Untracked 
| 288|0x000000001ce00000, 0x000000001ce00000, 0x000000001cf00000|  0%| F|  |TAMS 0x000000001ce00000, 0x000000001ce00000| Untracked 
| 289|0x000000001cf00000, 0x000000001cf00000, 0x000000001d000000|  0%| F|  |TAMS 0x000000001cf00000, 0x000000001cf00000| Untracked 
| 290|0x000000001d000000, 0x000000001d000000, 0x000000001d100000|  0%| F|  |TAMS 0x000000001d000000, 0x000000001d000000| Untracked 
| 291|0x000000001d100000, 0x000000001d100000, 0x000000001d200000|  0%| F|  |TAMS 0x000000001d100000, 0x000000001d100000| Untracked 
| 292|0x000000001d200000, 0x000000001d200000, 0x000000001d300000|  0%| F|  |TAMS 0x000000001d200000, 0x000000001d200000| Untracked 
| 293|0x000000001d300000, 0x000000001d300000, 0x000000001d400000|  0%| F|  |TAMS 0x000000001d300000, 0x000000001d300000| Untracked 
| 294|0x000000001d400000, 0x000000001d400000, 0x000000001d500000|  0%| F|  |TAMS 0x000000001d400000, 0x000000001d400000| Untracked 
| 295|0x000000001d500000, 0x000000001d500000, 0x000000001d600000|  0%| F|  |TAMS 0x000000001d500000, 0x000000001d500000| Untracked 
| 296|0x000000001d600000, 0x000000001d600000, 0x000000001d700000|  0%| F|  |TAMS 0x000000001d600000, 0x000000001d600000| Untracked 
| 297|0x000000001d700000, 0x000000001d700000, 0x000000001d800000|  0%| F|  |TAMS 0x000000001d700000, 0x000000001d700000| Untracked 
| 298|0x000000001d800000, 0x000000001d800000, 0x000000001d900000|  0%| F|  |TAMS 0x000000001d800000, 0x000000001d800000| Untracked 
| 299|0x000000001d900000, 0x000000001d900000, 0x000000001da00000|  0%| F|  |TAMS 0x000000001d900000, 0x000000001d900000| Untracked 
| 300|0x000000001da00000, 0x000000001da00000, 0x000000001db00000|  0%| F|  |TAMS 0x000000001da00000, 0x000000001da00000| Untracked 
| 301|0x000000001db00000, 0x000000001db00000, 0x000000001dc00000|  0%| F|  |TAMS 0x000000001db00000, 0x000000001db00000| Untracked 
| 302|0x000000001dc00000, 0x000000001dc00000, 0x000000001dd00000|  0%| F|  |TAMS 0x000000001dc00000, 0x000000001dc00000| Untracked 
| 303|0x000000001dd00000, 0x000000001dd00000, 0x000000001de00000|  0%| F|  |TAMS 0x000000001dd00000, 0x000000001dd00000| Untracked 
| 304|0x000000001de00000, 0x000000001de00000, 0x000000001df00000|  0%| F|  |TAMS 0x000000001de00000, 0x000000001de00000| Untracked 
| 305|0x000000001df00000, 0x000000001df00000, 0x000000001e000000|  0%| F|  |TAMS 0x000000001df00000, 0x000000001df00000| Untracked 
| 306|0x000000001e000000, 0x000000001e000000, 0x000000001e100000|  0%| F|  |TAMS 0x000000001e000000, 0x000000001e000000| Untracked 
| 307|0x000000001e100000, 0x000000001e100000, 0x000000001e200000|  0%| F|  |TAMS 0x000000001e100000, 0x000000001e100000| Untracked 
| 308|0x000000001e200000, 0x000000001e200000, 0x000000001e300000|  0%| F|  |TAMS 0x000000001e200000, 0x000000001e200000| Untracked 
| 309|0x000000001e300000, 0x000000001e300000, 0x000000001e400000|  0%| F|  |TAMS 0x000000001e300000, 0x000000001e300000| Untracked 
| 310|0x000000001e400000, 0x000000001e400000, 0x000000001e500000|  0%| F|  |TAMS 0x000000001e400000, 0x000000001e400000| Untracked 
| 311|0x000000001e500000, 0x000000001e500000, 0x000000001e600000|  0%| F|  |TAMS 0x000000001e500000, 0x000000001e500000| Untracked 
| 312|0x000000001e600000, 0x000000001e600000, 0x000000001e700000|  0%| F|  |TAMS 0x000000001e600000, 0x000000001e600000| Untracked 
| 313|0x000000001e700000, 0x000000001e700000, 0x000000001e800000|  0%| F|  |TAMS 0x000000001e700000, 0x000000001e700000| Untracked 
| 314|0x000000001e800000, 0x000000001e800000, 0x000000001e900000|  0%| F|  |TAMS 0x000000001e800000, 0x000000001e800000| Untracked 
| 315|0x000000001e900000, 0x000000001e900000, 0x000000001ea00000|  0%| F|  |TAMS 0x000000001e900000, 0x000000001e900000| Untracked 
| 316|0x000000001ea00000, 0x000000001ea00000, 0x000000001eb00000|  0%| F|  |TAMS 0x000000001ea00000, 0x000000001ea00000| Untracked 
| 317|0x000000001eb00000, 0x000000001eb00000, 0x000000001ec00000|  0%| F|  |TAMS 0x000000001eb00000, 0x000000001eb00000| Untracked 
| 318|0x000000001ec00000, 0x000000001ec00000, 0x000000001ed00000|  0%| F|  |TAMS 0x000000001ec00000, 0x000000001ec00000| Untracked 
| 319|0x000000001ed00000, 0x000000001ed00000, 0x000000001ee00000|  0%| F|  |TAMS 0x000000001ed00000, 0x000000001ed00000| Untracked 
| 320|0x000000001ee00000, 0x000000001ee00000, 0x000000001ef00000|  0%| F|  |TAMS 0x000000001ee00000, 0x000000001ee00000| Untracked 
| 321|0x000000001ef00000, 0x000000001ef00000, 0x000000001f000000|  0%| F|  |TAMS 0x000000001ef00000, 0x000000001ef00000| Untracked 
| 322|0x000000001f000000, 0x000000001f000000, 0x000000001f100000|  0%| F|  |TAMS 0x000000001f000000, 0x000000001f000000| Untracked 
| 323|0x000000001f100000, 0x000000001f100000, 0x000000001f200000|  0%| F|  |TAMS 0x000000001f100000, 0x000000001f100000| Untracked 
| 324|0x000000001f200000, 0x000000001f200000, 0x000000001f300000|  0%| F|  |TAMS 0x000000001f200000, 0x000000001f200000| Untracked 
| 325|0x000000001f300000, 0x000000001f300000, 0x000000001f400000|  0%| F|  |TAMS 0x000000001f300000, 0x000000001f300000| Untracked 
| 326|0x000000001f400000, 0x000000001f400000, 0x000000001f500000|  0%| F|  |TAMS 0x000000001f400000, 0x000000001f400000| Untracked 
| 327|0x000000001f500000, 0x000000001f500000, 0x000000001f600000|  0%| F|  |TAMS 0x000000001f500000, 0x000000001f500000| Untracked 
| 328|0x000000001f600000, 0x000000001f600000, 0x000000001f700000|  0%| F|  |TAMS 0x000000001f600000, 0x000000001f600000| Untracked 
| 329|0x000000001f700000, 0x000000001f700000, 0x000000001f800000|  0%| F|  |TAMS 0x000000001f700000, 0x000000001f700000| Untracked 
| 330|0x000000001f800000, 0x000000001f800000, 0x000000001f900000|  0%| F|  |TAMS 0x000000001f800000, 0x000000001f800000| Untracked 
| 331|0x000000001f900000, 0x000000001f900000, 0x000000001fa00000|  0%| F|  |TAMS 0x000000001f900000, 0x000000001f900000| Untracked 
| 332|0x000000001fa00000, 0x000000001fa00000, 0x000000001fb00000|  0%| F|  |TAMS 0x000000001fa00000, 0x000000001fa00000| Untracked 
| 333|0x000000001fb00000, 0x000000001fb00000, 0x000000001fc00000|  0%| F|  |TAMS 0x000000001fb00000, 0x000000001fb00000| Untracked 
| 334|0x000000001fc00000, 0x000000001fc00000, 0x000000001fd00000|  0%| F|  |TAMS 0x000000001fc00000, 0x000000001fc00000| Untracked 
| 335|0x000000001fd00000, 0x000000001fd00000, 0x000000001fe00000|  0%| F|  |TAMS 0x000000001fd00000, 0x000000001fd00000| Untracked 
| 336|0x000000001fe00000, 0x000000001fe00000, 0x000000001ff00000|  0%| F|  |TAMS 0x000000001fe00000, 0x000000001fe00000| Untracked 
| 337|0x000000001ff00000, 0x000000001ff00000, 0x0000000020000000|  0%| F|  |TAMS 0x000000001ff00000, 0x000000001ff00000| Untracked 
| 338|0x0000000020000000, 0x0000000020000000, 0x0000000020100000|  0%| F|  |TAMS 0x0000000020000000, 0x0000000020000000| Untracked 
| 339|0x0000000020100000, 0x0000000020100000, 0x0000000020200000|  0%| F|  |TAMS 0x0000000020100000, 0x0000000020100000| Untracked 
| 340|0x0000000020200000, 0x0000000020200000, 0x0000000020300000|  0%| F|  |TAMS 0x0000000020200000, 0x0000000020200000| Untracked 
| 341|0x0000000020300000, 0x0000000020300000, 0x0000000020400000|  0%| F|  |TAMS 0x0000000020300000, 0x0000000020300000| Untracked 
| 342|0x0000000020400000, 0x0000000020400000, 0x0000000020500000|  0%| F|  |TAMS 0x0000000020400000, 0x0000000020400000| Untracked 
| 343|0x0000000020500000, 0x0000000020500000, 0x0000000020600000|  0%| F|  |TAMS 0x0000000020500000, 0x0000000020500000| Untracked 
| 344|0x0000000020600000, 0x0000000020600000, 0x0000000020700000|  0%| F|  |TAMS 0x0000000020600000, 0x0000000020600000| Untracked 
| 345|0x0000000020700000, 0x0000000020700000, 0x0000000020800000|  0%| F|  |TAMS 0x0000000020700000, 0x0000000020700000| Untracked 
| 346|0x0000000020800000, 0x0000000020800000, 0x0000000020900000|  0%| F|  |TAMS 0x0000000020800000, 0x0000000020800000| Untracked 
| 347|0x0000000020900000, 0x0000000020900000, 0x0000000020a00000|  0%| F|  |TAMS 0x0000000020900000, 0x0000000020900000| Untracked 
| 348|0x0000000020a00000, 0x0000000020a00000, 0x0000000020b00000|  0%| F|  |TAMS 0x0000000020a00000, 0x0000000020a00000| Untracked 
| 349|0x0000000020b00000, 0x0000000020b00000, 0x0000000020c00000|  0%| F|  |TAMS 0x0000000020b00000, 0x0000000020b00000| Untracked 
| 350|0x0000000020c00000, 0x0000000020c00000, 0x0000000020d00000|  0%| F|  |TAMS 0x0000000020c00000, 0x0000000020c00000| Untracked 
| 351|0x0000000020d00000, 0x0000000020d00000, 0x0000000020e00000|  0%| F|  |TAMS 0x0000000020d00000, 0x0000000020d00000| Untracked 
| 352|0x0000000020e00000, 0x0000000020e00000, 0x0000000020f00000|  0%| F|  |TAMS 0x0000000020e00000, 0x0000000020e00000| Untracked 
| 353|0x0000000020f00000, 0x0000000020f00000, 0x0000000021000000|  0%| F|  |TAMS 0x0000000020f00000, 0x0000000020f00000| Untracked 
| 354|0x0000000021000000, 0x0000000021000000, 0x0000000021100000|  0%| F|  |TAMS 0x0000000021000000, 0x0000000021000000| Untracked 
| 355|0x0000000021100000, 0x00000000211d50c0, 0x0000000021200000| 83%| E|  |TAMS 0x0000000021100000, 0x0000000021100000| Complete 
| 356|0x0000000021200000, 0x0000000021300000, 0x0000000021300000|100%| E|  |TAMS 0x0000000021200000, 0x0000000021200000| Complete 
| 357|0x0000000021300000, 0x0000000021400000, 0x0000000021400000|100%| E|  |TAMS 0x0000000021300000, 0x0000000021300000| Complete 
| 358|0x0000000021400000, 0x0000000021500000, 0x0000000021500000|100%| E|  |TAMS 0x0000000021400000, 0x0000000021400000| Complete 
| 359|0x0000000021500000, 0x0000000021600000, 0x0000000021600000|100%| E|  |TAMS 0x0000000021500000, 0x0000000021500000| Complete 

Card table byte_map: [0x000000004b000000,0x000000004b200000] _byte_map_base: 0x000000004afa9000

Marking Bits (Prev, Next): (CMBitMap*) 0x0000000002cac9c0, (CMBitMap*) 0x0000000002cac988
 Prev Bits: [0x000000004c400000, 0x000000004d400000)
 Next Bits: [0x000000004b400000, 0x000000004c400000)

Polling page: 0x00000000028b0000

Metaspace:

Usage:
  114.67 MB capacity,   107.95 MB ( 94%) used,     6.37 MB (  6%) free+waste,   362.25 KB ( <1%) overhead. 

Virtual space:
    116.00 MB reserved,     114.86 MB (>99%) committed 

Chunk freelists:
122.00 KB

MaxMetaspaceSize: 17179869184.00 GB


CodeCache: size=32768Kb used=11037Kb max_used=12240Kb free=21730Kb
 bounds [0x0000000008740000, 0x00000000093c8000, 0x000000000a740000]
 total_blobs=5838 nmethods=4811 adapters=953
 compilation: enabled
              stopped_count=0, restarted_count=0
 full_count=0

Compilation events (20 events):
Event: 7245.374 Thread 0x000000004fb17800 17330             java.util.Arrays::copyOf (41 bytes)
Event: 7245.376 Thread 0x000000004fb17800 nmethod 17330 0x0000000008af2150 code [0x0000000008af2310, 0x0000000008af2668]
Event: 9533.995 Thread 0x000000004fb17800 17331             org.eclipse.ui.internal.themes.IThemeRegistry$1::getCompareString (32 bytes)
Event: 9533.996 Thread 0x000000004fb17800 nmethod 17331 0x0000000008956d50 code [0x0000000008956f00, 0x0000000008957128]
Event: 9533.996 Thread 0x000000004fb17800 17332             org.eclipse.ui.internal.themes.ThemeElementDefinition::getId (5 bytes)
Event: 9533.997 Thread 0x000000004fb17800 nmethod 17332 0x000000000888ee90 code [0x000000000888f010, 0x000000000888f0d8]
Event: 9533.997 Thread 0x000000004fb17800 17333             org.eclipse.core.internal.registry.ConfigurationElementHandle::getChildren (174 bytes)
Event: 9534.000 Thread 0x000000004fb17800 nmethod 17333 0x0000000009049990 code [0x0000000009049ba0, 0x000000000904a348]
Event: 9534.000 Thread 0x000000004fb17800 17334             org.eclipse.ui.internal.themes.IThemeRegistry$1::compare (20 bytes)
Event: 9534.002 Thread 0x000000004fb17800 nmethod 17334 0x0000000008c59b90 code [0x0000000008c59d60, 0x0000000008c5a108]
Event: 9534.006 Thread 0x000000004fb17800 17335   !         org.eclipse.ui.themes.ColorUtil::process (59 bytes)
Event: 9534.008 Thread 0x000000004fb17800 nmethod 17335 0x0000000008a91010 code [0x0000000008a91240, 0x0000000008a91528]
Event: 9605.196 Thread 0x000000004fb17800 17336             org.eclipse.ui.internal.themes.ThemeRegistry::addOrReplaceDescriptor (84 bytes)
Event: 9605.197 Thread 0x000000004fb17800 nmethod 17336 0x0000000008a90950 code [0x0000000008a90b50, 0x0000000008a90e28]
Event: 11568.338 Thread 0x000000004fb17800 17337             org.eclipse.ui.internal.themes.ThemeElementCategory::getId (5 bytes)
Event: 11568.339 Thread 0x000000004fb17800 nmethod 17337 0x00000000088302d0 code [0x0000000008830450, 0x00000000088304f8]
Event: 12010.358 Thread 0x000000004fb17800 17338             org.eclipse.core.internal.utils.ObjectMap::shareStrings (69 bytes)
Event: 12010.360 Thread 0x000000004fb17800 nmethod 17338 0x0000000008b06e90 code [0x0000000008b07050, 0x0000000008b07398]
Event: 13821.492 Thread 0x000000004fb17800 17339             java.util.concurrent.locks.AbstractQueuedSynchronizer$ConditionObject::awaitNanos (181 bytes)
Event: 13821.498 Thread 0x000000004fb17800 nmethod 17339 0x0000000009142990 code [0x0000000009142c40, 0x0000000009143678]

GC Heap History (20 events):
Event: 899.093 GC heap after
{Heap after GC invocations=189 (full 0):
 garbage-first heap   total 448512K, used 183971K [0x000000000ae00000, 0x000000004ae00000)
  region size 1024K, 23 young (23552K), 23 survivors (23552K)
 Metaspace       used 110119K, capacity 116946K, committed 117100K, reserved 118784K
}
Event: 899.097 GC heap before
{Heap before GC invocations=189 (full 0):
 garbage-first heap   total 448512K, used 184995K [0x000000000ae00000, 0x000000004ae00000)
  region size 1024K, 24 young (24576K), 23 survivors (23552K)
 Metaspace       used 110119K, capacity 116946K, committed 117100K, reserved 118784K
}
Event: 899.124 GC heap after
{Heap after GC invocations=190 (full 0):
 garbage-first heap   total 448512K, used 168064K [0x000000000ae00000, 0x000000004ae00000)
  region size 1024K, 2 young (2048K), 2 survivors (2048K)
 Metaspace       used 110119K, capacity 116946K, committed 117100K, reserved 118784K
}
Event: 899.136 GC heap before
{Heap before GC invocations=190 (full 0):
 garbage-first heap   total 448512K, used 170112K [0x000000000ae00000, 0x000000004ae00000)
  region size 1024K, 5 young (5120K), 2 survivors (2048K)
 Metaspace       used 110119K, capacity 116946K, committed 117100K, reserved 118784K
}
Event: 899.146 GC heap after
{Heap after GC invocations=191 (full 0):
 garbage-first heap   total 448512K, used 168064K [0x000000000ae00000, 0x000000004ae00000)
  region size 1024K, 2 young (2048K), 2 survivors (2048K)
 Metaspace       used 110119K, capacity 116946K, committed 117100K, reserved 118784K
}
Event: 956.370 GC heap before
{Heap before GC invocations=192 (full 0):
 garbage-first heap   total 448512K, used 392320K [0x000000000ae00000, 0x000000004ae00000)
  region size 1024K, 179 young (183296K), 2 survivors (2048K)
 Metaspace       used 110136K, capacity 116954K, committed 117100K, reserved 118784K
}
Event: 956.387 GC heap after
{Heap after GC invocations=193 (full 0):
 garbage-first heap   total 448512K, used 179328K [0x000000000ae00000, 0x000000004ae00000)
  region size 1024K, 17 young (17408K), 17 survivors (17408K)
 Metaspace       used 110136K, capacity 116954K, committed 117100K, reserved 118784K
}
Event: 956.392 GC heap before
{Heap before GC invocations=193 (full 0):
 garbage-first heap   total 448512K, used 183424K [0x000000000ae00000, 0x000000004ae00000)
  region size 1024K, 21 young (21504K), 17 survivors (17408K)
 Metaspace       used 110136K, capacity 116954K, committed 117100K, reserved 118784K
}
Event: 956.416 GC heap after
{Heap after GC invocations=194 (full 0):
 garbage-first heap   total 448512K, used 155133K [0x000000000ae00000, 0x000000004ae00000)
  region size 1024K, 2 young (2048K), 2 survivors (2048K)
 Metaspace       used 110136K, capacity 116954K, committed 117100K, reserved 118784K
}
Event: 1435.106 GC heap before
{Heap before GC invocations=194 (full 0):
 garbage-first heap   total 448512K, used 248317K [0x000000000ae00000, 0x000000004ae00000)
  region size 1024K, 94 young (96256K), 2 survivors (2048K)
 Metaspace       used 110418K, capacity 117230K, committed 117356K, reserved 118784K
}
Event: 1435.128 GC heap after
{Heap after GC invocations=195 (full 0):
 garbage-first heap   total 448512K, used 167262K [0x000000000ae00000, 0x000000004ae00000)
  region size 1024K, 14 young (14336K), 14 survivors (14336K)
 Metaspace       used 110418K, capacity 117230K, committed 117356K, reserved 118784K
}
Event: 3277.993 GC heap before
{Heap before GC invocations=196 (full 0):
 garbage-first heap   total 448512K, used 335198K [0x000000000ae00000, 0x000000004ae00000)
  region size 1024K, 186 young (190464K), 14 survivors (14336K)
 Metaspace       used 110542K, capacity 117439K, committed 117612K, reserved 118784K
}
Event: 3278.015 GC heap after
{Heap after GC invocations=197 (full 0):
 garbage-first heap   total 448512K, used 171477K [0x000000000ae00000, 0x000000004ae00000)
  region size 1024K, 12 young (12288K), 12 survivors (12288K)
 Metaspace       used 110542K, capacity 117439K, committed 117612K, reserved 118784K
}
Event: 3278.053 GC heap before
{Heap before GC invocations=197 (full 0):
 garbage-first heap   total 448512K, used 180693K [0x000000000ae00000, 0x000000004ae00000)
  region size 1024K, 21 young (21504K), 12 survivors (12288K)
 Metaspace       used 110542K, capacity 117439K, committed 117612K, reserved 118784K
}
Event: 3278.074 GC heap after
{Heap after GC invocations=198 (full 0):
 garbage-first heap   total 448512K, used 158208K [0x000000000ae00000, 0x000000004ae00000)
  region size 1024K, 3 young (3072K), 3 survivors (3072K)
 Metaspace       used 110542K, capacity 117439K, committed 117612K, reserved 118784K
}
Event: 6878.085 GC heap before
{Heap before GC invocations=198 (full 0):
 garbage-first heap   total 448512K, used 264704K [0x000000000ae00000, 0x000000004ae00000)
  region size 1024K, 108 young (110592K), 3 survivors (3072K)
 Metaspace       used 110550K, capacity 117439K, committed 117612K, reserved 118784K
}
Event: 6878.253 GC heap after
{Heap after GC invocations=199 (full 1):
 garbage-first heap   total 378880K, used 110455K [0x000000000ae00000, 0x000000004ae00000)
  region size 1024K, 0 young (0K), 0 survivors (0K)
 Metaspace       used 110550K, capacity 117439K, committed 117612K, reserved 118784K
}
Event: 10478.267 GC heap before
{Heap before GC invocations=199 (full 1):
 garbage-first heap   total 378880K, used 116599K [0x000000000ae00000, 0x000000004ae00000)
  region size 1024K, 7 young (7168K), 0 survivors (0K)
 Metaspace       used 110551K, capacity 117439K, committed 117612K, reserved 118784K
}
Event: 10478.441 GC heap after
{Heap after GC invocations=200 (full 2):
 garbage-first heap   total 368640K, used 108196K [0x000000000ae00000, 0x000000004ae00000)
  region size 1024K, 0 young (0K), 0 survivors (0K)
 Metaspace       used 110541K, capacity 117426K, committed 117612K, reserved 118784K
}
Event: 14125.598 GC heap before
{Heap before GC invocations=200 (full 2):
 garbage-first heap   total 368640K, used 112292K [0x000000000ae00000, 0x000000004ae00000)
  region size 1024K, 5 young (5120K), 0 survivors (0K)
 Metaspace       used 110545K, capacity 117426K, committed 117612K, reserved 118784K
}

Deoptimization events (20 events):
Event: 3278.443 Thread 0x0000000002c7b000 DEOPT PACKING pc=0x0000000008b3a327 sp=0x0000000000b3b110
Event: 3278.443 Thread 0x0000000002c7b000 DEOPT UNPACKING pc=0x00000000087625fe sp=0x0000000000b3a5b0 mode 3
Event: 3278.953 Thread 0x00000000623b0800 DEOPT PACKING pc=0x00000000089aed96 sp=0x00000000608de470
Event: 3278.953 Thread 0x00000000623b0800 DEOPT UNPACKING pc=0x00000000087625fe sp=0x00000000608dd900 mode 3
Event: 3278.966 Thread 0x00000000623b0800 DEOPT PACKING pc=0x0000000008ae1e7f sp=0x00000000608dde10
Event: 3278.966 Thread 0x00000000623b0800 DEOPT UNPACKING pc=0x00000000087625fe sp=0x00000000608dd2a8 mode 3
Event: 3279.053 Thread 0x00000000623b0800 DEOPT PACKING pc=0x0000000008893e51 sp=0x00000000608de5e0
Event: 3279.053 Thread 0x00000000623b0800 DEOPT UNPACKING pc=0x00000000087625fe sp=0x00000000608dda78 mode 3
Event: 3279.116 Thread 0x0000000002c7b000 DEOPT PACKING pc=0x0000000008b44735 sp=0x0000000000b3d280
Event: 3279.116 Thread 0x0000000002c7b000 DEOPT UNPACKING pc=0x00000000087625fe sp=0x0000000000b3c730 mode 3
Event: 3316.206 Thread 0x0000000002c7b000 DEOPT PACKING pc=0x0000000008aaded9 sp=0x0000000000b3d260
Event: 3316.206 Thread 0x0000000002c7b000 DEOPT UNPACKING pc=0x00000000087625fe sp=0x0000000000b3c728 mode 3
Event: 3316.242 Thread 0x0000000002c7b000 DEOPT PACKING pc=0x0000000008f2c55f sp=0x0000000000b3cfa0
Event: 3316.242 Thread 0x0000000002c7b000 DEOPT UNPACKING pc=0x00000000087625fe sp=0x0000000000b3c4b8 mode 3
Event: 3316.292 Thread 0x00000000623b7000 DEOPT PACKING pc=0x00000000089eb9ff sp=0x00000000602eec90
Event: 3316.292 Thread 0x00000000623b7000 DEOPT UNPACKING pc=0x00000000087625fe sp=0x00000000602ee130 mode 3
Event: 5794.373 Thread 0x0000000052ddb800 DEOPT PACKING pc=0x0000000008b072cf sp=0x000000005feef0e0
Event: 5794.373 Thread 0x0000000052ddb800 DEOPT UNPACKING pc=0x00000000087625fe sp=0x000000005feee5b8 mode 3
Event: 10478.444 Thread 0x000000004faec000 DEOPT PACKING pc=0x0000000008c4a684 sp=0x000000005083f320
Event: 10478.444 Thread 0x000000004faec000 DEOPT UNPACKING pc=0x00000000087625fe sp=0x000000005083e7e0 mode 3

Classes redefined (0 events):
No events

Internal exceptions (20 events):
Event: 226.249 Thread 0x000000005bd73000 Exception <a 'sun/nio/fs/WindowsException'{0x00000000201e4760}> (0x00000000201e4760) thrown at [./src/hotspot/share/prims/jni.cpp, line 615]
Event: 226.250 Thread 0x000000005bd73000 Exception <a 'sun/nio/fs/WindowsException'{0x00000000201f2238}> (0x00000000201f2238) thrown at [./src/hotspot/share/prims/jni.cpp, line 615]
Event: 228.367 Thread 0x000000005bd73000 Exception <a 'java/io/FileNotFoundException'{0x0000000023815650}> (0x0000000023815650) thrown at [./src/hotspot/share/prims/jni.cpp, line 615]
Event: 228.367 Thread 0x000000005bd73000 Exception <a 'sun/nio/fs/WindowsException'{0x0000000023818048}> (0x0000000023818048) thrown at [./src/hotspot/share/prims/jni.cpp, line 615]
Event: 228.367 Thread 0x000000005bd73000 Exception <a 'sun/nio/fs/WindowsException'{0x00000000238261f0}> (0x00000000238261f0) thrown at [./src/hotspot/share/prims/jni.cpp, line 615]
Event: 228.368 Thread 0x000000005bd73000 Exception <a 'sun/nio/fs/WindowsException'{0x0000000023837bc0}> (0x0000000023837bc0) thrown at [./src/hotspot/share/prims/jni.cpp, line 615]
Event: 228.369 Thread 0x000000005bd73000 Exception <a 'sun/nio/fs/WindowsException'{0x00000000238455c8}> (0x00000000238455c8) thrown at [./src/hotspot/share/prims/jni.cpp, line 615]
Event: 234.723 Thread 0x000000005bd6b800 Exception <a 'sun/nio/fs/WindowsException'{0x00000000209f9d50}> (0x00000000209f9d50) thrown at [./src/hotspot/share/prims/jni.cpp, line 615]
Event: 234.723 Thread 0x000000005bd6b800 Exception <a 'sun/nio/fs/WindowsException'{0x00000000207080e8}> (0x00000000207080e8) thrown at [./src/hotspot/share/prims/jni.cpp, line 615]
Event: 234.724 Thread 0x000000005bd6b800 Exception <a 'sun/nio/fs/WindowsException'{0x0000000020725090}> (0x0000000020725090) thrown at [./src/hotspot/share/prims/jni.cpp, line 615]
Event: 234.724 Thread 0x000000005bd6b800 Exception <a 'sun/nio/fs/WindowsException'{0x0000000020732b68}> (0x0000000020732b68) thrown at [./src/hotspot/share/prims/jni.cpp, line 615]
Event: 235.585 Thread 0x000000005485a800 Exception <a 'java/lang/InterruptedException'{0x000000001ac97650}> (0x000000001ac97650) thrown at [./src/hotspot/share/runtime/objectMonitor.cpp, line 1448]
Event: 245.940 Thread 0x00000000623b3800 Exception <a 'java/lang/InterruptedException'{0x000000001f700800}> (0x000000001f700800) thrown at [./src/hotspot/share/runtime/objectMonitor.cpp, line 1635]
Event: 246.503 Thread 0x000000005485a800 Exception <a 'java/lang/InterruptedException'{0x000000001f3effd0}> (0x000000001f3effd0) thrown at [./src/hotspot/share/runtime/objectMonitor.cpp, line 1635]
Event: 315.732 Thread 0x0000000002c7b000 Implicit null exception at 0x0000000008d38100 to 0x0000000008d38203
Event: 420.307 Thread 0x000000005bd73000 Exception <a 'java/io/FileNotFoundException'{0x000000001f39b738}> (0x000000001f39b738) thrown at [./src/hotspot/share/prims/jni.cpp, line 615]
Event: 420.341 Thread 0x000000005bd73000 Exception <a 'java/lang/NoSuchMethodError'{0x000000001d8dfd70}: 'java.lang.Object java.lang.invoke.DirectMethodHandle$Holder.invokeSpecial(java.lang.Object, java.lang.Object, java.lang.Object, java.lang.Object, java.lang.Object, java.lang.Object, java.lang.Object, java.lang.Object, java.lang.Object)'> (0x000000001d8dfd70) thrown at [./src/hotspot/share/interpreter/linkResolver.cpp, line 773]
Event: 420.341 Thread 0x000000005bd73000 Exception <a 'java/lang/NoSuchMethodError'{0x000000001d8e4a90}: 'java.lang.Object java.lang.invoke.Invokers$Holder.linkToTargetMethod(java.lang.Object, java.lang.Object, java.lang.Object, java.lang.Object, java.lang.Object, java.lang.Object, java.lang.Object, java.lang.Object)'> (0x000000001d8e4a90) thrown at [./src/hotspot/share/interpreter/linkResolver.cpp, line 773]
Event: 693.902 Thread 0x0000000002c7b000 Exception <a 'java/lang/reflect/InvocationTargetException'{0x000000001e4bdf70}> (0x000000001e4bdf70) thrown at [./src/hotspot/share/runtime/reflection.cpp, line 1247]
Event: 3201.803 Thread 0x0000000002c7b000 Exception <a 'java/io/FileNotFoundException'{0x000000001d0758d8}> (0x000000001d0758d8) thrown at [./src/hotspot/share/prims/jni.cpp, line 615]

Events (20 events):
Event: 11624.119 Executing VM operation: RevokeBias
Event: 11624.120 Executing VM operation: RevokeBias done
Event: 11624.120 Thread 0x00000000623b2000 Thread exited: 0x00000000623b2000
Event: 12010.363 Thread 0x000000004fb1e000 flushing nmethod 0x0000000008ac42d0
Event: 12010.365 Thread 0x000000004fb1e000 flushing nmethod 0x0000000008be0410
Event: 13166.551 Thread 0x00000000623b2000 Thread added: 0x00000000623b2000
Event: 13167.557 Executing VM operation: RevokeBias
Event: 13167.558 Executing VM operation: RevokeBias done
Event: 13167.558 Thread 0x00000000623b2000 Thread exited: 0x00000000623b2000
Event: 13821.499 Thread 0x000000004fb1e000 flushing nmethod 0x00000000088cba10
Event: 13821.500 Thread 0x000000004fb1e000 flushing nmethod 0x000000000895e650
Event: 13821.502 Thread 0x000000004fb1e000 flushing nmethod 0x0000000008af1dd0
Event: 13821.504 Thread 0x000000004fb1e000 flushing nmethod 0x0000000008ca48d0
Event: 13821.505 Thread 0x000000004fb1e000 flushing nmethod 0x0000000008cde610
Event: 13821.507 Thread 0x000000004fb1e000 flushing nmethod 0x0000000008eb8210
Event: 13821.511 Thread 0x000000004fb1e000 flushing nmethod 0x0000000009223a10
Event: 13821.511 Thread 0x000000004fb1e000 flushing nmethod 0x0000000009229e50
Event: 13821.511 Thread 0x000000004fb1e000 flushing nmethod 0x0000000009236390
Event: 13821.511 Thread 0x000000004fb1e000 flushing nmethod 0x0000000009236e10
Event: 14125.596 Executing VM operation: G1CollectFull


Dynamic libraries:
0x00007ff78dae0000 - 0x00007ff78db4a000 	C:\ST\STM32CubeIDE_1.6.1\STM32CubeIDE\stm32cubeide.exe
0x00007ffcfceb0000 - 0x00007ffcfd0a5000 	C:\Windows\SYSTEM32\ntdll.dll
0x00007ffcfb570000 - 0x00007ffcfb62d000 	C:\Windows\System32\KERNEL32.DLL
0x00007ffcfa5f0000 - 0x00007ffcfa8b8000 	C:\Windows\System32\KERNELBASE.dll
0x00007ffcfcab0000 - 0x00007ffcfcc50000 	C:\Windows\System32\USER32.dll
0x00007ffcfa910000 - 0x00007ffcfa932000 	C:\Windows\System32\win32u.dll
0x00007ffcfb4e0000 - 0x00007ffcfb50a000 	C:\Windows\System32\GDI32.dll
0x00007ffcfad60000 - 0x00007ffcfae6b000 	C:\Windows\System32\gdi32full.dll
0x00007ffcfaad0000 - 0x00007ffcfab6d000 	C:\Windows\System32\msvcp_win.dll
0x00007ffcfa9d0000 - 0x00007ffcfaad0000 	C:\Windows\System32\ucrtbase.dll
0x00007ffcef580000 - 0x00007ffcef81a000 	C:\Windows\WinSxS\amd64_microsoft.windows.common-controls_6595b64144ccf1df_6.0.19041.1052_none_60b8f8fd71f5e8cb\COMCTL32.dll
0x00007ffcfb3e0000 - 0x00007ffcfb47e000 	C:\Windows\System32\msvcrt.dll
0x00007ffcfb760000 - 0x00007ffcfb790000 	C:\Windows\System32\IMM32.DLL
0x00007ffcf25d0000 - 0x00007ffcf25f9000 	C:\ST\STM32CubeIDE_1.6.1\STM32CubeIDE\plugins\org.eclipse.equinox.launcher.win32.win32.x86_64_1.1.1200.v20200508-1552\eclipse_11000.dll
0x00007ffcfaf20000 - 0x00007ffcfafcc000 	C:\Windows\System32\ADVAPI32.dll
0x00007ffcfc1b0000 - 0x00007ffcfc24b000 	C:\Windows\System32\sechost.dll
0x00007ffcfafd0000 - 0x00007ffcfb0fb000 	C:\Windows\System32\RPCRT4.dll
0x00007ffcf4940000 - 0x00007ffcf494a000 	C:\Windows\SYSTEM32\VERSION.dll
0x00007ffcc39e0000 - 0x00007ffcc4094000 	C:\ST\STM32CubeIDE_1.6.1\STM32CubeIDE\plugins\com.st.stm32cube.ide.jre.win64_1.6.0.202102191308\jre\bin\client\jvm.dll
0x00007ffcfb750000 - 0x00007ffcfb758000 	C:\Windows\System32\PSAPI.DLL
0x00007ffcee6c0000 - 0x00007ffcee6e7000 	C:\Windows\SYSTEM32\WINMM.dll
0x00007ffcf5d20000 - 0x00007ffcf5d29000 	C:\Windows\SYSTEM32\WSOCK32.dll
0x00007ffcfcd80000 - 0x00007ffcfcdeb000 	C:\Windows\System32\WS2_32.dll
0x00007ffcf2660000 - 0x00007ffcf2679000 	C:\Windows\SYSTEM32\VCRUNTIME140.dll
0x00007ffcf25c0000 - 0x00007ffcf25d0000 	C:\ST\STM32CubeIDE_1.6.1\STM32CubeIDE\plugins\com.st.stm32cube.ide.jre.win64_1.6.0.202102191308\jre\bin\verify.dll
0x00007ffce87b0000 - 0x00007ffce8994000 	C:\Windows\SYSTEM32\DBGHELP.DLL
0x00007ffcee690000 - 0x00007ffcee6bc000 	C:\Windows\SYSTEM32\dbgcore.DLL
0x00007ffcfab70000 - 0x00007ffcfabf3000 	C:\Windows\System32\bcryptPrimitives.dll
0x00007ffcf2540000 - 0x00007ffcf2568000 	C:\ST\STM32CubeIDE_1.6.1\STM32CubeIDE\plugins\com.st.stm32cube.ide.jre.win64_1.6.0.202102191308\jre\bin\java.dll
0x00007ffcf24d0000 - 0x00007ffcf24da000 	C:\ST\STM32CubeIDE_1.6.1\STM32CubeIDE\plugins\com.st.stm32cube.ide.jre.win64_1.6.0.202102191308\jre\bin\jimage.dll
0x00007ffcef410000 - 0x00007ffcef427000 	C:\ST\STM32CubeIDE_1.6.1\STM32CubeIDE\plugins\com.st.stm32cube.ide.jre.win64_1.6.0.202102191308\jre\bin\zip.dll
0x00007ffcf8480000 - 0x00007ffcf8492000 	C:\Windows\SYSTEM32\kernel.appcore.dll
0x00007ffcfb8f0000 - 0x00007ffcfc02f000 	C:\Windows\System32\SHELL32.dll
0x00007ffcf8760000 - 0x00007ffcf8ef0000 	C:\Windows\SYSTEM32\windows.storage.dll
0x00007ffcfc250000 - 0x00007ffcfc5a5000 	C:\Windows\System32\combase.dll
0x00007ffcfa060000 - 0x00007ffcfa08c000 	C:\Windows\SYSTEM32\Wldp.dll
0x00007ffcfc030000 - 0x00007ffcfc0de000 	C:\Windows\System32\SHCORE.dll
0x00007ffcfb640000 - 0x00007ffcfb695000 	C:\Windows\System32\shlwapi.dll
0x00007ffcfa530000 - 0x00007ffcfa54f000 	C:\Windows\SYSTEM32\profapi.dll
0x00007ffcec660000 - 0x00007ffcec679000 	C:\ST\STM32CubeIDE_1.6.1\STM32CubeIDE\plugins\com.st.stm32cube.ide.jre.win64_1.6.0.202102191308\jre\bin\net.dll
0x00007ffcf5680000 - 0x00007ffcf578b000 	C:\Windows\SYSTEM32\WINHTTP.dll
0x00007ffcf9dd0000 - 0x00007ffcf9e3a000 	C:\Windows\system32\mswsock.dll
0x00007ffceaf60000 - 0x00007ffceaf72000 	C:\ST\STM32CubeIDE_1.6.1\STM32CubeIDE\plugins\com.st.stm32cube.ide.jre.win64_1.6.0.202102191308\jre\bin\nio.dll
0x00007ffcf80a0000 - 0x00007ffcf813e000 	C:\Windows\system32\uxtheme.dll
0x00007ffcfcc60000 - 0x00007ffcfcd75000 	C:\Windows\System32\MSCTF.dll
0x00007ffcfc0e0000 - 0x00007ffcfc1ad000 	C:\Windows\System32\OLEAUT32.dll
0x00007ffcf04d0000 - 0x00007ffcf05c9000 	C:\Windows\SYSTEM32\textinputframework.dll
0x00007ffcf7880000 - 0x00007ffcf7bde000 	C:\Windows\System32\CoreUIComponents.dll
0x00007ffcf7be0000 - 0x00007ffcf7cd2000 	C:\Windows\System32\CoreMessaging.dll
0x00007ffcf9330000 - 0x00007ffcf9363000 	C:\Windows\SYSTEM32\ntmarta.dll
0x00007ffcf71b0000 - 0x00007ffcf7304000 	C:\Windows\SYSTEM32\wintypes.dll
0x00007ffcf9fa0000 - 0x00007ffcf9fb8000 	C:\Windows\SYSTEM32\CRYPTSP.dll
0x00007ffcf9700000 - 0x00007ffcf9734000 	C:\Windows\system32\rsaenh.dll
0x00007ffcfa940000 - 0x00007ffcfa967000 	C:\Windows\System32\bcrypt.dll
0x00007ffcfa4f0000 - 0x00007ffcfa51e000 	C:\Windows\SYSTEM32\USERENV.dll
0x00007ffcf9fc0000 - 0x00007ffcf9fcc000 	C:\Windows\SYSTEM32\CRYPTBASE.dll
0x00007ffcf9a70000 - 0x00007ffcf9aab000 	C:\Windows\SYSTEM32\IPHLPAPI.DLL
0x00007ffcfcc50000 - 0x00007ffcfcc58000 	C:\Windows\System32\NSI.dll
0x00007ffcf4dc0000 - 0x00007ffcf4dd7000 	C:\Windows\SYSTEM32\dhcpcsvc6.DLL
0x00007ffcf4da0000 - 0x00007ffcf4dbd000 	C:\Windows\SYSTEM32\dhcpcsvc.DLL
0x00007ffcf9ac0000 - 0x00007ffcf9b8c000 	C:\Windows\SYSTEM32\DNSAPI.dll
0x00007ffcdc4a0000 - 0x00007ffcdc558000 	C:\ST\STM32CubeIDE_1.6.1\STM32CubeIDE\configuration\org.eclipse.osgi\377\0\.cp\swt-win32-4934r6.dll
0x00007ffcfb2b0000 - 0x00007ffcfb3da000 	C:\Windows\System32\ole32.dll
0x00007ffcfb790000 - 0x00007ffcfb86a000 	C:\Windows\System32\COMDLG32.dll
0x00007ffcfac00000 - 0x00007ffcfad5f000 	C:\Windows\System32\CRYPT32.dll
0x00007ffcebd90000 - 0x00007ffcebe1e000 	C:\Windows\SYSTEM32\WINSPOOL.DRV
0x00007ffce4070000 - 0x00007ffce454d000 	C:\Windows\SYSTEM32\WININET.dll
0x00007ffceaf40000 - 0x00007ffceaf59000 	C:\Windows\SYSTEM32\USP10.dll
0x00007ffcf60c0000 - 0x00007ffcf61b6000 	C:\Windows\SYSTEM32\PROPSYS.dll
0x00007ffce82b0000 - 0x00007ffce849c000 	C:\Windows\SYSTEM32\urlmon.dll
0x00007ffcf7ee0000 - 0x00007ffcf7ee7000 	C:\Windows\SYSTEM32\MSIMG32.dll
0x00007ffce9d40000 - 0x00007ffce9ff0000 	C:\Windows\SYSTEM32\iertutil.dll
0x00007ffcfb6a0000 - 0x00007ffcfb749000 	C:\Windows\System32\clbcatq.dll
0x00007ffcfa8c0000 - 0x00007ffcfa90e000 	C:\Windows\System32\cfgmgr32.dll
0x00007ffceaf10000 - 0x00007ffceaf36000 	C:\ST\STM32CubeIDE_1.6.1\STM32CubeIDE\configuration\org.eclipse.osgi\377\0\.cp\swt-gdip-win32-4934r6.dll
0x00007ffcebe20000 - 0x00007ffcebfcb000 	C:\Windows\WinSxS\amd64_microsoft.windows.gdiplus_6595b64144ccf1df_1.1.19041.1023_none_91a0d43ccc8b3035\gdiplus.dll
0x00007ffcf3e80000 - 0x00007ffcf4034000 	C:\Windows\SYSTEM32\WindowsCodecs.dll
0x00007ffced7e0000 - 0x00007ffced88c000 	C:\Windows\SYSTEM32\TextShaping.dll
0x00007ffcf29b0000 - 0x00007ffcf2a16000 	C:\Windows\SYSTEM32\oleacc.dll
0x00007ffcede60000 - 0x00007ffcedea2000 	C:\Windows\system32\mlang.dll
0x0000000180000000 - 0x0000000180012000 	C:\ST\STM32CubeIDE_1.6.1\STM32CubeIDE\configuration\org.eclipse.osgi\200\0\.cp\os\win32\x86_64\localfile_1_0_0.dll
0x00007ffce7b90000 - 0x00007ffce7ba1000 	C:\ST\STM32CubeIDE_1.6.1\STM32CubeIDE\configuration\org.eclipse.osgi\203\0\.cp\jWinHttp-1.0.0.dll
0x00007ffce8ba0000 - 0x00007ffce8bde000 	C:\Windows\system32\dataexchange.dll
0x00007ffcf7310000 - 0x00007ffcf74f6000 	C:\Windows\system32\dcomp.dll
0x00007ffcf6810000 - 0x00007ffcf6a74000 	C:\Windows\system32\d3d11.dll
0x00007ffcf8f30000 - 0x00007ffcf9024000 	C:\Windows\system32\dxgi.dll
0x00007ffcf42b0000 - 0x00007ffcf44b1000 	C:\Windows\system32\twinapi.appcore.dll
0x00007ffcee180000 - 0x00007ffcee3ff000 	C:\Windows\SYSTEM32\DWrite.dll
0x00007ffce3720000 - 0x00007ffce3940000 	C:\Windows\system32\explorerframe.dll
0x00007ffcd4780000 - 0x00007ffcd4919000 	C:\ST\STM32CubeIDE_1.6.1\STM32CubeIDE\plugins\com.st.stm32cube.ide.jre.win64_1.6.0.202102191308\jre\bin\awt.dll
0x00007ffcdfde0000 - 0x00007ffcdfe71000 	C:\Windows\SYSTEM32\MSVCP140.dll
0x00007ffcf61e0000 - 0x00007ffcf61ec000 	C:\Windows\SYSTEM32\VCRUNTIME140_1.dll
0x00007ffcf7f80000 - 0x00007ffcf8010000 	C:\Windows\SYSTEM32\apphelp.dll
0x00007ffceed00000 - 0x00007ffceed09000 	C:\ST\STM32CubeIDE_1.6.1\STM32CubeIDE\plugins\com.st.stm32cube.ide.jre.win64_1.6.0.202102191308\jre\bin\management.dll
0x00007ffce8590000 - 0x00007ffce85b4000 	C:\Windows\SYSTEM32\edputil.dll
0x00007ffceeae0000 - 0x00007ffceeaeb000 	C:\ST\STM32CubeIDE_1.6.1\STM32CubeIDE\plugins\com.st.stm32cube.ide.jre.win64_1.6.0.202102191308\jre\bin\management_ext.dll
0x00007ffcf8450000 - 0x00007ffcf847f000 	C:\Windows\system32\DWMAPI.DLL
0x00007ffced490000 - 0x00007ffced49e000 	C:\ST\STM32CubeIDE_1.6.1\STM32CubeIDE\plugins\com.st.stm32cube.ide.jre.win64_1.6.0.202102191308\jre\bin\sunmscapi.dll
0x00007ffcfa0d0000 - 0x00007ffcfa0f7000 	C:\Windows\SYSTEM32\ncrypt.dll
0x00007ffcfa090000 - 0x00007ffcfa0cb000 	C:\Windows\SYSTEM32\NTASN1.dll
0x00007ffce7b60000 - 0x00007ffce7b85000 	C:\ST\STM32CubeIDE_1.6.1\STM32CubeIDE\plugins\com.st.stm32cube.ide.jre.win64_1.6.0.202102191308\jre\bin\sunec.dll
0x00007ffcfa1e0000 - 0x00007ffcfa1f2000 	C:\Windows\SYSTEM32\MSASN1.dll
0x00007ffcf8f00000 - 0x00007ffcf8f23000 	C:\Windows\SYSTEM32\gpapi.dll
0x00007ffcf40b0000 - 0x00007ffcf40ba000 	C:\Windows\System32\rasadhlp.dll
0x00007ffcf2f90000 - 0x00007ffcf300f000 	C:\Windows\System32\fwpuclnt.dll
0x00007ffcece60000 - 0x00007ffcece69000 	C:\ST\STM32CubeIDE_1.6.1\STM32CubeIDE\plugins\com.st.stm32cube.ide.jre.win64_1.6.0.202102191308\jre\bin\prefs.dll
0x00007ffcd6190000 - 0x00007ffcd61a7000 	C:\Windows\system32\napinsp.dll
0x00007ffcd61b0000 - 0x00007ffcd61cb000 	C:\Windows\system32\pnrpnsp.dll
0x00007ffce0b80000 - 0x00007ffce0b95000 	C:\Windows\system32\wshbth.dll
0x00007ffcf61c0000 - 0x00007ffcf61dd000 	C:\Windows\system32\NLAapi.dll
0x00007ffce35f0000 - 0x00007ffce3602000 	C:\Windows\System32\winrnr.dll
0x00007ffce9740000 - 0x00007ffce9866000 	C:\Windows\system32\opengl32.dll
0x00007ffcea870000 - 0x00007ffcea89c000 	C:\Windows\SYSTEM32\GLU32.dll
0x00007ffcf21a0000 - 0x00007ffcf236e000 	C:\Windows\system32\d3d9.dll
0x00007ffceeeb0000 - 0x00007ffceefb2000 	C:\Windows\System32\DriverStore\FileRepository\nv_dispi.inf_amd64_1c83a5d7cffd7bff\nvldumdx.dll
0x00007ffcf4900000 - 0x00007ffcf4931000 	C:\Windows\SYSTEM32\cryptnet.dll
0x00007ffcfa970000 - 0x00007ffcfa9d0000 	C:\Windows\System32\WINTRUST.DLL
0x00007ffcfcdf0000 - 0x00007ffcfce0d000 	C:\Windows\System32\imagehlp.dll
0x00007ffca85c0000 - 0x00007ffca9fdb000 	C:\Windows\System32\DriverStore\FileRepository\nv_dispi.inf_amd64_1c83a5d7cffd7bff\nvd3dumx.dll
0x00007ffcefab0000 - 0x00007ffcefaeb000 	C:\Windows\SYSTEM32\dxcore.dll
0x00007ffce1300000 - 0x00007ffce1342000 	C:\ST\STM32CubeIDE_1.6.1\STM32CubeIDE\configuration\org.eclipse.osgi\109\0\.cp\com\sun\jna\win32-x86-64\jnidispatch.dll
0x00007ffcecdd0000 - 0x00007ffcecdd7000 	C:\ST\STM32CubeIDE_1.6.1\STM32CubeIDE\plugins\com.st.stm32cube.ide.jre.win64_1.6.0.202102191308\jre\bin\rmi.dll
0x0000000054450000 - 0x00000000544b3000 	C:\ST\STM32CubeIDE_1.6.1\STM32CubeIDE\configuration\org.eclipse.osgi\184\0\.cp\os\win32\x86_64\serial.dll
0x00007ffcf5d50000 - 0x00007ffcf5d66000 	C:\ST\STM32CubeIDE_1.6.1\STM32CubeIDE\plugins\org.eclipse.cdt.core.win32.x86_64_5.4.2.201811241055\os\win32\x86_64\spawner.dll
0x00007ffce7c40000 - 0x00007ffce7ca6000 	C:\Windows\System32\thumbcache.dll
0x00007ffcf52e0000 - 0x00007ffcf5380000 	C:\Windows\SYSTEM32\policymanager.dll
0x00007ffcf9790000 - 0x00007ffcf981a000 	C:\Windows\SYSTEM32\msvcp110_win.dll

dbghelp: loaded successfully - version: 4.0.5 - missing functions: none
symbol engine: initialized successfully - sym options: 0x614 - pdb path: .;C:\ST\STM32CubeIDE_1.6.1\STM32CubeIDE;C:\Windows\SYSTEM32;C:\Windows\WinSxS\amd64_microsoft.windows.common-controls_6595b64144ccf1df_6.0.19041.1052_none_60b8f8fd71f5e8cb;C:\ST\STM32CubeIDE_1.6.1\STM32CubeIDE\plugins\org.eclipse.equinox.launcher.win32.win32.x86_64_1.1.1200.v20200508-1552;C:\ST\STM32CubeIDE_1.6.1\STM32CubeIDE\plugins\com.st.stm32cube.ide.jre.win64_1.6.0.202102191308\jre\bin\client;C:\ST\STM32CubeIDE_1.6.1\STM32CubeIDE\plugins\com.st.stm32cube.ide.jre.win64_1.6.0.202102191308\jre\bin;C:\ST\STM32CubeIDE_1.6.1\STM32CubeIDE\configuration\org.eclipse.osgi\377\0\.cp;C:\Windows\WinSxS\amd64_microsoft.windows.gdiplus_6595b64144ccf1df_1.1.19041.1023_none_91a0d43ccc8b3035;C:\ST\STM32CubeIDE_1.6.1\STM32CubeIDE\configuration\org.eclipse.osgi\200\0\.cp\os\win32\x86_64;C:\ST\STM32CubeIDE_1.6.1\STM32CubeIDE\configuration\org.eclipse.osgi\203\0\.cp;C:\Windows\System32\DriverStore\FileRepository\nv_dispi.inf_amd64_1c83a5d7cffd7bff;C:\ST\STM32CubeIDE_1.6.1\STM32CubeIDE\configuration\org.eclipse.osgi\109\0\.cp\com\sun\jna\win32-x86-64;C:\ST\STM32CubeIDE_1.6.1\STM32CubeIDE\configuration\org.eclipse.osgi\184\0\.cp\os\win32\x86_64;C:\ST\STM32CubeIDE_1.6.1\STM32CubeIDE\plugins\org.eclipse.cdt.core.win32.x86_64_5.4.2.201811241055\os\win32\x86_64

VM Arguments:
jvm_args: -Dosgi.requiredJavaVersion=1.8 -Dosgi.instance.area.default=@user.home/STM32CubeIDE/workspace_1.6.1 -Declipse.buildId=Version 1.6.1 -DproductMaturityGrade=mm -XX:+UseG1GC -XX:+UseStringDeduplication -Xms256m -Xmx1024m -Djavax.net.ssl.trustStoreType=WINDOWS-ROOT 
java_command: <unknown>
java_class_path (initial): C:\ST\STM32CubeIDE_1.6.1\STM32CubeIDE\\plugins/org.eclipse.equinox.launcher_1.5.700.v20200207-2156.jar
Launcher Type: generic

[Global flags]
     uint ConcGCThreads                            = 1                                         {product} {ergonomic}
     uint G1ConcRefinementThreads                  = 4                                         {product} {ergonomic}
   size_t G1HeapRegionSize                         = 1048576                                   {product} {ergonomic}
    uintx GCDrainStackTargetSize                   = 64                                        {product} {ergonomic}
   size_t InitialHeapSize                          = 268435456                                 {product} {command line}
   size_t MarkStackSize                            = 4194304                                   {product} {ergonomic}
   size_t MaxHeapSize                              = 1073741824                                {product} {command line}
   size_t MaxNewSize                               = 643825664                                 {product} {ergonomic}
   size_t MinHeapDeltaBytes                        = 1048576                                   {product} {ergonomic}
    uintx NonProfiledCodeHeapSize                  = 0                                      {pd product} {ergonomic}
    uintx ProfiledCodeHeapSize                     = 0                                      {pd product} {ergonomic}
     bool UseG1GC                                  = true                                      {product} {command line}
     bool UseLargePagesIndividualAllocation        = false                                  {pd product} {ergonomic}
     bool UseStringDeduplication                   = true                                      {product} {command line}

Logging:
Log output configuration:
 #0: stdout all=warning uptime,level,tags
 #1: stderr all=off uptime,level,tags

Environment Variables:
PATH=C:\Program Files\Common Files\Oracle\Java\javapath;C:\Program Files (x86)\STMicroelectronics\st_toolset\asm;C:\Windows\system32;C:\Windows;C:\Windows\System32\Wbem;C:\Windows\System32\WindowsPowerShell\v1.0\;C:\Windows\System32\OpenSSH\;C:\Program Files (x86)\STMicroelectronics\STM32 ST-LINK Utility\ST-LINK Utility;C:\Program Files\Git\cmd;C:\Program Files (x86)\GNU Arm Embedded Toolchain\10 2020-q4-major\bin;C:\Users\Nguyen Van Hiep\AppData\Local\Microsoft\WindowsApps;C:\Users\Nguyen Van Hiep\AppData\Local\Programs\Microsoft VS Code\bin;C:\dev\tools\gcc-arm-none-eabi-10-2020-q4-major\bin\arm-none-eabi-gcc.exe;C:\dev\tools\make-3.81\bin;C:\dev\tools\OpenOCD-20210519-0.11.0\bin;C:\dev\tools\git\bin;C:\dev\tools\git\usr\bin;
USERNAME=Nguyen Van Hiep
OS=Windows_NT
PROCESSOR_IDENTIFIER=Intel64 Family 6 Model 60 Stepping 3, GenuineIntel



---------------  S Y S T E M  ---------------

OS: Windows 10 , 64 bit Build 19041 (10.0.19041.1023)
OS uptime: 6 days 4:54 hours

CPU:total 4 (initial active 4) (4 cores per cpu, 1 threads per core) family 6 model 60 stepping 3, cmov, cx8, fxsr, mmx, sse, sse2, sse3, ssse3, sse4.1, sse4.2, popcnt, avx, avx2, aes, clmul, erms, lzcnt, tsc, tscinvbit, bmi1, bmi2, fma

Memory: 4k page, system-wide physical 8092M (3501M free)
TotalPageFile size 13212M (AvailPageFile size 3663M)
current process WorkingSet (physical memory assigned to process): 292M, peak: 708M
current process commit charge ("private bytes"): 659M, peak: 740M

vm_info: OpenJDK 64-Bit Client VM (11.0.9.1+1) for windows-amd64 JRE (11.0.9.1+1), built on Nov 10 2020 15:18:13 by "" with MS VC++ 15.9 (VS2017)

END.
